<?xml version="1.0" encoding="UTF-8" standalone="yes"?><!DOCTYPE report PUBLIC "-//JACOCO//DTD Report 1.1//EN" "report.dtd"><report name="checker-core"><sessioninfo id="LucasManuel-93a9128b" start="1759768990330" dump="1759768997161"/><package name="com/luchersol/specialized_checkers/io"><class name="com/luchersol/specialized_checkers/io/CheckerJson" sourcefilename="CheckerJson.java"><method name="&lt;init&gt;" desc="(Lcom/fasterxml/jackson/databind/JsonNode;Ljava/lang/String;)V" line="45"><counter type="INSTRUCTION" missed="0" covered="5"/><counter type="LINE" missed="0" covered="2"/><counter type="COMPLEXITY" missed="0" covered="1"/><counter type="METHOD" missed="0" covered="1"/></method><method name="check" desc="(Lcom/fasterxml/jackson/databind/JsonNode;Ljava/lang/String;)Lcom/luchersol/specialized_checkers/io/CheckerJson;" line="56"><counter type="INSTRUCTION" missed="0" covered="6"/><counter type="LINE" missed="0" covered="1"/><counter type="COMPLEXITY" missed="0" covered="1"/><counter type="METHOD" missed="0" covered="1"/></method><method name="check" desc="(Ljava/io/File;Ljava/lang/String;)Lcom/luchersol/specialized_checkers/io/CheckerJson;" line="68"><counter type="INSTRUCTION" missed="0" covered="12"/><counter type="LINE" missed="0" covered="3"/><counter type="COMPLEXITY" missed="0" covered="1"/><counter type="METHOD" missed="0" covered="1"/></method><method name="check" desc="(Ljava/lang/String;Ljava/lang/String;)Lcom/luchersol/specialized_checkers/io/CheckerJson;" line="82"><counter type="INSTRUCTION" missed="17" covered="0"/><counter type="LINE" missed="4" covered="0"/><counter type="COMPLEXITY" missed="1" covered="0"/><counter type="METHOD" missed="1" covered="0"/></method><method name="check" desc="(Lcom/fasterxml/jackson/databind/JsonNode;)Lcom/luchersol/specialized_checkers/io/CheckerJson;" line="95"><counter type="INSTRUCTION" missed="0" covered="4"/><counter type="LINE" missed="0" covered="1"/><counter type="COMPLEXITY" missed="0" covered="1"/><counter type="METHOD" missed="0" covered="1"/></method><method name="check" desc="(Ljava/io/File;)Lcom/luchersol/specialized_checkers/io/CheckerJson;" line="106"><counter type="INSTRUCTION" missed="0" covered="4"/><counter type="LINE" missed="0" covered="1"/><counter type="COMPLEXITY" missed="0" covered="1"/><counter type="METHOD" missed="0" covered="1"/></method><method name="check" desc="(Ljava/lang/String;)Lcom/luchersol/specialized_checkers/io/CheckerJson;" line="117"><counter type="INSTRUCTION" missed="4" covered="0"/><counter type="LINE" missed="1" covered="0"/><counter type="COMPLEXITY" missed="1" covered="0"/><counter type="METHOD" missed="1" covered="0"/></method><method name="self" desc="()Lcom/luchersol/specialized_checkers/io/CheckerJson;" line="127"><counter type="INSTRUCTION" missed="0" covered="2"/><counter type="LINE" missed="0" covered="1"/><counter type="COMPLEXITY" missed="0" covered="1"/><counter type="METHOD" missed="0" covered="1"/></method><method name="hasProperty" desc="(Ljava/lang/String;)Lcom/luchersol/specialized_checkers/io/CheckerJson;" line="137"><counter type="INSTRUCTION" missed="0" covered="16"/><counter type="LINE" missed="0" covered="1"/><counter type="COMPLEXITY" missed="0" covered="1"/><counter type="METHOD" missed="0" covered="1"/></method><method name="isArray" desc="(Ljava/lang/String;)Lcom/luchersol/specialized_checkers/io/CheckerJson;" line="147"><counter type="INSTRUCTION" missed="0" covered="14"/><counter type="LINE" missed="0" covered="1"/><counter type="COMPLEXITY" missed="0" covered="1"/><counter type="METHOD" missed="0" covered="1"/></method><method name="isBigDecimal" desc="(Ljava/lang/String;)Lcom/luchersol/specialized_checkers/io/CheckerJson;" line="157"><counter type="INSTRUCTION" missed="14" covered="0"/><counter type="LINE" missed="1" covered="0"/><counter type="COMPLEXITY" missed="1" covered="0"/><counter type="METHOD" missed="1" covered="0"/></method><method name="isBigInteger" desc="(Ljava/lang/String;)Lcom/luchersol/specialized_checkers/io/CheckerJson;" line="167"><counter type="INSTRUCTION" missed="14" covered="0"/><counter type="LINE" missed="1" covered="0"/><counter type="COMPLEXITY" missed="1" covered="0"/><counter type="METHOD" missed="1" covered="0"/></method><method name="isBinary" desc="(Ljava/lang/String;)Lcom/luchersol/specialized_checkers/io/CheckerJson;" line="177"><counter type="INSTRUCTION" missed="14" covered="0"/><counter type="LINE" missed="1" covered="0"/><counter type="COMPLEXITY" missed="1" covered="0"/><counter type="METHOD" missed="1" covered="0"/></method><method name="isBoolean" desc="(Ljava/lang/String;)Lcom/luchersol/specialized_checkers/io/CheckerJson;" line="187"><counter type="INSTRUCTION" missed="0" covered="14"/><counter type="LINE" missed="0" covered="1"/><counter type="COMPLEXITY" missed="0" covered="1"/><counter type="METHOD" missed="0" covered="1"/></method><method name="isContainerNode" desc="(Ljava/lang/String;)Lcom/luchersol/specialized_checkers/io/CheckerJson;" line="197"><counter type="INSTRUCTION" missed="14" covered="0"/><counter type="LINE" missed="1" covered="0"/><counter type="COMPLEXITY" missed="1" covered="0"/><counter type="METHOD" missed="1" covered="0"/></method><method name="isDouble" desc="(Ljava/lang/String;)Lcom/luchersol/specialized_checkers/io/CheckerJson;" line="207"><counter type="INSTRUCTION" missed="14" covered="0"/><counter type="LINE" missed="1" covered="0"/><counter type="COMPLEXITY" missed="1" covered="0"/><counter type="METHOD" missed="1" covered="0"/></method><method name="isEmpty" desc="(Ljava/lang/String;)Lcom/luchersol/specialized_checkers/io/CheckerJson;" line="217"><counter type="INSTRUCTION" missed="14" covered="0"/><counter type="LINE" missed="1" covered="0"/><counter type="COMPLEXITY" missed="1" covered="0"/><counter type="METHOD" missed="1" covered="0"/></method><method name="isFloat" desc="(Ljava/lang/String;)Lcom/luchersol/specialized_checkers/io/CheckerJson;" line="227"><counter type="INSTRUCTION" missed="14" covered="0"/><counter type="LINE" missed="1" covered="0"/><counter type="COMPLEXITY" missed="1" covered="0"/><counter type="METHOD" missed="1" covered="0"/></method><method name="isFloatingPointNumber" desc="(Ljava/lang/String;)Lcom/luchersol/specialized_checkers/io/CheckerJson;" line="237"><counter type="INSTRUCTION" missed="14" covered="0"/><counter type="LINE" missed="1" covered="0"/><counter type="COMPLEXITY" missed="1" covered="0"/><counter type="METHOD" missed="1" covered="0"/></method><method name="isInt" desc="(Ljava/lang/String;)Lcom/luchersol/specialized_checkers/io/CheckerJson;" line="247"><counter type="INSTRUCTION" missed="0" covered="14"/><counter type="LINE" missed="0" covered="1"/><counter type="COMPLEXITY" missed="0" covered="1"/><counter type="METHOD" missed="0" covered="1"/></method><method name="isIntegralNumber" desc="(Ljava/lang/String;)Lcom/luchersol/specialized_checkers/io/CheckerJson;" line="257"><counter type="INSTRUCTION" missed="14" covered="0"/><counter type="LINE" missed="1" covered="0"/><counter type="COMPLEXITY" missed="1" covered="0"/><counter type="METHOD" missed="1" covered="0"/></method><method name="isLong" desc="(Ljava/lang/String;)Lcom/luchersol/specialized_checkers/io/CheckerJson;" line="267"><counter type="INSTRUCTION" missed="14" covered="0"/><counter type="LINE" missed="1" covered="0"/><counter type="COMPLEXITY" missed="1" covered="0"/><counter type="METHOD" missed="1" covered="0"/></method><method name="isMissingNode" desc="(Ljava/lang/String;)Lcom/luchersol/specialized_checkers/io/CheckerJson;" line="277"><counter type="INSTRUCTION" missed="14" covered="0"/><counter type="LINE" missed="1" covered="0"/><counter type="COMPLEXITY" missed="1" covered="0"/><counter type="METHOD" missed="1" covered="0"/></method><method name="isNull" desc="(Ljava/lang/String;)Lcom/luchersol/specialized_checkers/io/CheckerJson;" line="287"><counter type="INSTRUCTION" missed="0" covered="14"/><counter type="LINE" missed="0" covered="1"/><counter type="COMPLEXITY" missed="0" covered="1"/><counter type="METHOD" missed="0" covered="1"/></method><method name="isNumber" desc="(Ljava/lang/String;)Lcom/luchersol/specialized_checkers/io/CheckerJson;" line="297"><counter type="INSTRUCTION" missed="14" covered="0"/><counter type="LINE" missed="1" covered="0"/><counter type="COMPLEXITY" missed="1" covered="0"/><counter type="METHOD" missed="1" covered="0"/></method><method name="isObject" desc="(Ljava/lang/String;)Lcom/luchersol/specialized_checkers/io/CheckerJson;" line="307"><counter type="INSTRUCTION" missed="0" covered="14"/><counter type="LINE" missed="0" covered="1"/><counter type="COMPLEXITY" missed="0" covered="1"/><counter type="METHOD" missed="0" covered="1"/></method><method name="isPojo" desc="(Ljava/lang/String;)Lcom/luchersol/specialized_checkers/io/CheckerJson;" line="317"><counter type="INSTRUCTION" missed="14" covered="0"/><counter type="LINE" missed="1" covered="0"/><counter type="COMPLEXITY" missed="1" covered="0"/><counter type="METHOD" missed="1" covered="0"/></method><method name="isShort" desc="(Ljava/lang/String;)Lcom/luchersol/specialized_checkers/io/CheckerJson;" line="327"><counter type="INSTRUCTION" missed="14" covered="0"/><counter type="LINE" missed="1" covered="0"/><counter type="COMPLEXITY" missed="1" covered="0"/><counter type="METHOD" missed="1" covered="0"/></method><method name="isTextual" desc="(Ljava/lang/String;)Lcom/luchersol/specialized_checkers/io/CheckerJson;" line="337"><counter type="INSTRUCTION" missed="0" covered="14"/><counter type="LINE" missed="0" covered="1"/><counter type="COMPLEXITY" missed="0" covered="1"/><counter type="METHOD" missed="0" covered="1"/></method><method name="isInRange" desc="(Ljava/lang/String;II)Lcom/luchersol/specialized_checkers/io/CheckerJson;" line="349"><counter type="INSTRUCTION" missed="0" covered="28"/><counter type="LINE" missed="0" covered="2"/><counter type="COMPLEXITY" missed="0" covered="1"/><counter type="METHOD" missed="0" covered="1"/></method><method name="matchesRegex" desc="(Ljava/lang/String;Ljava/lang/String;)Lcom/luchersol/specialized_checkers/io/CheckerJson;" line="363"><counter type="INSTRUCTION" missed="0" covered="21"/><counter type="LINE" missed="0" covered="2"/><counter type="COMPLEXITY" missed="0" covered="1"/><counter type="METHOD" missed="0" covered="1"/></method><method name="isInEnum" desc="(Ljava/lang/String;Ljava/util/List;)Lcom/luchersol/specialized_checkers/io/CheckerJson;" line="377"><counter type="INSTRUCTION" missed="0" covered="21"/><counter type="LINE" missed="0" covered="2"/><counter type="COMPLEXITY" missed="0" covered="1"/><counter type="METHOD" missed="0" covered="1"/></method><method name="hasLengthBetween" desc="(Ljava/lang/String;II)Lcom/luchersol/specialized_checkers/io/CheckerJson;" line="392"><counter type="INSTRUCTION" missed="0" covered="28"/><counter type="LINE" missed="0" covered="2"/><counter type="COMPLEXITY" missed="0" covered="1"/><counter type="METHOD" missed="0" covered="1"/></method><method name="checkNodeType" desc="(Ljava/lang/String;Ljava/util/function/Predicate;Ljava/lang/String;)Lcom/luchersol/specialized_checkers/io/CheckerJson;" line="408"><counter type="INSTRUCTION" missed="0" covered="17"/><counter type="LINE" missed="0" covered="2"/><counter type="COMPLEXITY" missed="0" covered="1"/><counter type="METHOD" missed="0" covered="1"/></method><method name="getProperty" desc="(Ljava/lang/String;Ljava/lang/Class;)Ljava/lang/Object;" line="423"><counter type="INSTRUCTION" missed="5" covered="34"/><counter type="BRANCH" missed="1" covered="3"/><counter type="LINE" missed="3" covered="6"/><counter type="COMPLEXITY" missed="1" covered="2"/><counter type="METHOD" missed="0" covered="1"/></method><method name="getProperty" desc="(Ljava/lang/String;)Lcom/fasterxml/jackson/databind/JsonNode;" line="446"><counter type="INSTRUCTION" missed="0" covered="6"/><counter type="LINE" missed="0" covered="1"/><counter type="COMPLEXITY" missed="0" covered="1"/><counter type="METHOD" missed="0" covered="1"/></method><method name="containsProperty" desc="(Ljava/lang/String;)Z" line="456"><counter type="INSTRUCTION" missed="1" covered="7"/><counter type="BRANCH" missed="1" covered="1"/><counter type="LINE" missed="0" covered="1"/><counter type="COMPLEXITY" missed="1" covered="1"/><counter type="METHOD" missed="0" covered="1"/></method><method name="lambda$checkNodeType$5" desc="(Ljava/lang/String;Ljava/util/function/Predicate;Lcom/fasterxml/jackson/databind/JsonNode;)Z" line="409"><counter type="INSTRUCTION" missed="0" covered="14"/><counter type="BRANCH" missed="1" covered="3"/><counter type="LINE" missed="0" covered="2"/><counter type="COMPLEXITY" missed="1" covered="2"/><counter type="METHOD" missed="0" covered="1"/></method><method name="lambda$hasLengthBetween$4" desc="(Ljava/lang/String;IILcom/fasterxml/jackson/databind/JsonNode;)Z" line="393"><counter type="INSTRUCTION" missed="1" covered="22"/><counter type="BRANCH" missed="4" covered="4"/><counter type="LINE" missed="0" covered="2"/><counter type="COMPLEXITY" missed="4" covered="1"/><counter type="METHOD" missed="0" covered="1"/></method><method name="lambda$isInEnum$3" desc="(Ljava/lang/String;Ljava/util/List;Lcom/fasterxml/jackson/databind/JsonNode;)Z" line="378"><counter type="INSTRUCTION" missed="1" covered="17"/><counter type="BRANCH" missed="3" covered="3"/><counter type="LINE" missed="0" covered="2"/><counter type="COMPLEXITY" missed="3" covered="1"/><counter type="METHOD" missed="0" covered="1"/></method><method name="lambda$matchesRegex$2" desc="(Ljava/lang/String;Ljava/lang/String;Lcom/fasterxml/jackson/databind/JsonNode;)Z" line="364"><counter type="INSTRUCTION" missed="1" covered="17"/><counter type="BRANCH" missed="3" covered="3"/><counter type="LINE" missed="0" covered="2"/><counter type="COMPLEXITY" missed="3" covered="1"/><counter type="METHOD" missed="0" covered="1"/></method><method name="lambda$isInRange$1" desc="(Ljava/lang/String;IILcom/fasterxml/jackson/databind/JsonNode;)Z" line="350"><counter type="INSTRUCTION" missed="1" covered="20"/><counter type="BRANCH" missed="4" covered="4"/><counter type="LINE" missed="0" covered="2"/><counter type="COMPLEXITY" missed="4" covered="1"/><counter type="METHOD" missed="0" covered="1"/></method><method name="lambda$hasProperty$0" desc="(Ljava/lang/String;Lcom/fasterxml/jackson/databind/JsonNode;)Z" line="137"><counter type="INSTRUCTION" missed="0" covered="4"/><counter type="LINE" missed="0" covered="1"/><counter type="COMPLEXITY" missed="0" covered="1"/><counter type="METHOD" missed="0" covered="1"/></method><counter type="INSTRUCTION" missed="227" covered="389"/><counter type="BRANCH" missed="17" covered="21"/><counter type="LINE" missed="22" covered="44"/><counter type="COMPLEXITY" missed="33" covered="29"/><counter type="METHOD" missed="16" covered="27"/><counter type="CLASS" missed="0" covered="1"/></class><class name="com/luchersol/specialized_checkers/io/CheckerURI" sourcefilename="CheckerURI.java"><method name="&lt;init&gt;" desc="(Ljava/net/URI;Ljava/lang/String;)V" line="44"><counter type="INSTRUCTION" missed="0" covered="5"/><counter type="LINE" missed="0" covered="2"/><counter type="COMPLEXITY" missed="0" covered="1"/><counter type="METHOD" missed="0" covered="1"/></method><method name="check" desc="(Ljava/net/URI;Ljava/lang/String;)Lcom/luchersol/specialized_checkers/io/CheckerURI;" line="55"><counter type="INSTRUCTION" missed="0" covered="6"/><counter type="LINE" missed="0" covered="1"/><counter type="COMPLEXITY" missed="0" covered="1"/><counter type="METHOD" missed="0" covered="1"/></method><method name="check" desc="(Ljava/lang/String;Ljava/lang/String;)Lcom/luchersol/specialized_checkers/io/CheckerURI;" line="66"><counter type="INSTRUCTION" missed="9" covered="0"/><counter type="LINE" missed="2" covered="0"/><counter type="COMPLEXITY" missed="1" covered="0"/><counter type="METHOD" missed="1" covered="0"/></method><method name="check" desc="(Ljava/net/URI;)Lcom/luchersol/specialized_checkers/io/CheckerURI;" line="77"><counter type="INSTRUCTION" missed="4" covered="0"/><counter type="LINE" missed="1" covered="0"/><counter type="COMPLEXITY" missed="1" covered="0"/><counter type="METHOD" missed="1" covered="0"/></method><method name="check" desc="(Ljava/lang/String;)Lcom/luchersol/specialized_checkers/io/CheckerURI;" line="87"><counter type="INSTRUCTION" missed="4" covered="0"/><counter type="LINE" missed="1" covered="0"/><counter type="COMPLEXITY" missed="1" covered="0"/><counter type="METHOD" missed="1" covered="0"/></method><method name="self" desc="()Lcom/luchersol/specialized_checkers/io/CheckerURI;" line="97"><counter type="INSTRUCTION" missed="0" covered="2"/><counter type="LINE" missed="0" covered="1"/><counter type="COMPLEXITY" missed="0" covered="1"/><counter type="METHOD" missed="0" covered="1"/></method><method name="isAbsolute" desc="()Lcom/luchersol/specialized_checkers/io/CheckerURI;" line="106"><counter type="INSTRUCTION" missed="0" covered="15"/><counter type="LINE" missed="0" covered="1"/><counter type="COMPLEXITY" missed="0" covered="1"/><counter type="METHOD" missed="0" covered="1"/></method><method name="isRelative" desc="()Lcom/luchersol/specialized_checkers/io/CheckerURI;" line="115"><counter type="INSTRUCTION" missed="0" covered="15"/><counter type="LINE" missed="0" covered="1"/><counter type="COMPLEXITY" missed="0" covered="1"/><counter type="METHOD" missed="0" covered="1"/></method><method name="hasSqueme" desc="()Lcom/luchersol/specialized_checkers/io/CheckerURI;" line="124"><counter type="INSTRUCTION" missed="0" covered="15"/><counter type="LINE" missed="0" covered="1"/><counter type="COMPLEXITY" missed="0" covered="1"/><counter type="METHOD" missed="0" covered="1"/></method><method name="hasSqueme" desc="([Ljava/lang/String;)Lcom/luchersol/specialized_checkers/io/CheckerURI;" line="134"><counter type="INSTRUCTION" missed="0" covered="21"/><counter type="LINE" missed="0" covered="2"/><counter type="COMPLEXITY" missed="0" covered="1"/><counter type="METHOD" missed="0" covered="1"/></method><method name="hasHost" desc="()Lcom/luchersol/specialized_checkers/io/CheckerURI;" line="144"><counter type="INSTRUCTION" missed="0" covered="15"/><counter type="LINE" missed="0" covered="1"/><counter type="COMPLEXITY" missed="0" covered="1"/><counter type="METHOD" missed="0" covered="1"/></method><method name="hasHost" desc="([Ljava/lang/String;)Lcom/luchersol/specialized_checkers/io/CheckerURI;" line="154"><counter type="INSTRUCTION" missed="0" covered="21"/><counter type="LINE" missed="0" covered="2"/><counter type="COMPLEXITY" missed="0" covered="1"/><counter type="METHOD" missed="0" covered="1"/></method><method name="hasPort" desc="()Lcom/luchersol/specialized_checkers/io/CheckerURI;" line="164"><counter type="INSTRUCTION" missed="0" covered="15"/><counter type="LINE" missed="0" covered="1"/><counter type="COMPLEXITY" missed="0" covered="1"/><counter type="METHOD" missed="0" covered="1"/></method><method name="hasPort" desc="([I)Lcom/luchersol/specialized_checkers/io/CheckerURI;" line="174"><counter type="INSTRUCTION" missed="0" covered="21"/><counter type="LINE" missed="0" covered="2"/><counter type="COMPLEXITY" missed="0" covered="1"/><counter type="METHOD" missed="0" covered="1"/></method><method name="hasAuthority" desc="()Lcom/luchersol/specialized_checkers/io/CheckerURI;" line="184"><counter type="INSTRUCTION" missed="0" covered="15"/><counter type="LINE" missed="0" covered="1"/><counter type="COMPLEXITY" missed="0" covered="1"/><counter type="METHOD" missed="0" covered="1"/></method><method name="hasAuthority" desc="([Ljava/lang/String;)Lcom/luchersol/specialized_checkers/io/CheckerURI;" line="194"><counter type="INSTRUCTION" missed="0" covered="21"/><counter type="LINE" missed="0" covered="2"/><counter type="COMPLEXITY" missed="0" covered="1"/><counter type="METHOD" missed="0" covered="1"/></method><method name="hasFrament" desc="()Lcom/luchersol/specialized_checkers/io/CheckerURI;" line="205"><counter type="INSTRUCTION" missed="0" covered="15"/><counter type="LINE" missed="0" covered="1"/><counter type="COMPLEXITY" missed="0" covered="1"/><counter type="METHOD" missed="0" covered="1"/></method><method name="hasFrament" desc="([Ljava/lang/String;)Lcom/luchersol/specialized_checkers/io/CheckerURI;" line="215"><counter type="INSTRUCTION" missed="0" covered="21"/><counter type="LINE" missed="0" covered="2"/><counter type="COMPLEXITY" missed="0" covered="1"/><counter type="METHOD" missed="0" covered="1"/></method><method name="hasPath" desc="()Lcom/luchersol/specialized_checkers/io/CheckerURI;" line="225"><counter type="INSTRUCTION" missed="0" covered="15"/><counter type="LINE" missed="0" covered="1"/><counter type="COMPLEXITY" missed="0" covered="1"/><counter type="METHOD" missed="0" covered="1"/></method><method name="hasPath" desc="([Ljava/lang/String;)Lcom/luchersol/specialized_checkers/io/CheckerURI;" line="235"><counter type="INSTRUCTION" missed="0" covered="21"/><counter type="LINE" missed="0" covered="2"/><counter type="COMPLEXITY" missed="0" covered="1"/><counter type="METHOD" missed="0" covered="1"/></method><method name="hasQuery" desc="()Lcom/luchersol/specialized_checkers/io/CheckerURI;" line="245"><counter type="INSTRUCTION" missed="0" covered="15"/><counter type="LINE" missed="0" covered="1"/><counter type="COMPLEXITY" missed="0" covered="1"/><counter type="METHOD" missed="0" covered="1"/></method><method name="hasQuery" desc="([Ljava/lang/String;)Lcom/luchersol/specialized_checkers/io/CheckerURI;" line="255"><counter type="INSTRUCTION" missed="0" covered="21"/><counter type="LINE" missed="0" covered="2"/><counter type="COMPLEXITY" missed="0" covered="1"/><counter type="METHOD" missed="0" covered="1"/></method><method name="lambda$hasQuery$22" desc="([Ljava/lang/String;Ljava/net/URI;)Z" line="255"><counter type="INSTRUCTION" missed="0" covered="6"/><counter type="LINE" missed="0" covered="1"/><counter type="COMPLEXITY" missed="0" covered="1"/><counter type="METHOD" missed="0" covered="1"/></method><method name="lambda$hasQuery$21" desc="(Ljava/net/URI;Ljava/lang/String;)Z" line="255"><counter type="INSTRUCTION" missed="0" covered="5"/><counter type="LINE" missed="0" covered="1"/><counter type="COMPLEXITY" missed="0" covered="1"/><counter type="METHOD" missed="0" covered="1"/></method><method name="lambda$hasQuery$20" desc="(Ljava/net/URI;)Z" line="245"><counter type="INSTRUCTION" missed="1" covered="6"/><counter type="BRANCH" missed="1" covered="1"/><counter type="LINE" missed="0" covered="1"/><counter type="COMPLEXITY" missed="1" covered="1"/><counter type="METHOD" missed="0" covered="1"/></method><method name="lambda$hasPath$19" desc="([Ljava/lang/String;Ljava/net/URI;)Z" line="235"><counter type="INSTRUCTION" missed="0" covered="6"/><counter type="LINE" missed="0" covered="1"/><counter type="COMPLEXITY" missed="0" covered="1"/><counter type="METHOD" missed="0" covered="1"/></method><method name="lambda$hasPath$18" desc="(Ljava/net/URI;Ljava/lang/String;)Z" line="235"><counter type="INSTRUCTION" missed="0" covered="5"/><counter type="LINE" missed="0" covered="1"/><counter type="COMPLEXITY" missed="0" covered="1"/><counter type="METHOD" missed="0" covered="1"/></method><method name="lambda$hasPath$17" desc="(Ljava/net/URI;)Z" line="225"><counter type="INSTRUCTION" missed="1" covered="6"/><counter type="BRANCH" missed="1" covered="1"/><counter type="LINE" missed="0" covered="1"/><counter type="COMPLEXITY" missed="1" covered="1"/><counter type="METHOD" missed="0" covered="1"/></method><method name="lambda$hasFrament$16" desc="([Ljava/lang/String;Ljava/net/URI;)Z" line="215"><counter type="INSTRUCTION" missed="0" covered="6"/><counter type="LINE" missed="0" covered="1"/><counter type="COMPLEXITY" missed="0" covered="1"/><counter type="METHOD" missed="0" covered="1"/></method><method name="lambda$hasFrament$15" desc="(Ljava/net/URI;Ljava/lang/String;)Z" line="215"><counter type="INSTRUCTION" missed="0" covered="5"/><counter type="LINE" missed="0" covered="1"/><counter type="COMPLEXITY" missed="0" covered="1"/><counter type="METHOD" missed="0" covered="1"/></method><method name="lambda$hasFrament$14" desc="(Ljava/net/URI;)Z" line="205"><counter type="INSTRUCTION" missed="1" covered="6"/><counter type="BRANCH" missed="1" covered="1"/><counter type="LINE" missed="0" covered="1"/><counter type="COMPLEXITY" missed="1" covered="1"/><counter type="METHOD" missed="0" covered="1"/></method><method name="lambda$hasAuthority$13" desc="([Ljava/lang/String;Ljava/net/URI;)Z" line="195"><counter type="INSTRUCTION" missed="0" covered="6"/><counter type="LINE" missed="0" covered="1"/><counter type="COMPLEXITY" missed="0" covered="1"/><counter type="METHOD" missed="0" covered="1"/></method><method name="lambda$hasAuthority$12" desc="(Ljava/net/URI;Ljava/lang/String;)Z" line="195"><counter type="INSTRUCTION" missed="0" covered="5"/><counter type="LINE" missed="0" covered="1"/><counter type="COMPLEXITY" missed="0" covered="1"/><counter type="METHOD" missed="0" covered="1"/></method><method name="lambda$hasAuthority$11" desc="(Ljava/net/URI;)Z" line="184"><counter type="INSTRUCTION" missed="1" covered="6"/><counter type="BRANCH" missed="1" covered="1"/><counter type="LINE" missed="0" covered="1"/><counter type="COMPLEXITY" missed="1" covered="1"/><counter type="METHOD" missed="0" covered="1"/></method><method name="lambda$hasPort$10" desc="([ILjava/net/URI;)Z" line="174"><counter type="INSTRUCTION" missed="0" covered="6"/><counter type="LINE" missed="0" covered="1"/><counter type="COMPLEXITY" missed="0" covered="1"/><counter type="METHOD" missed="0" covered="1"/></method><method name="lambda$hasPort$9" desc="(Ljava/net/URI;I)Z" line="174"><counter type="INSTRUCTION" missed="0" covered="7"/><counter type="LINE" missed="0" covered="1"/><counter type="COMPLEXITY" missed="0" covered="1"/><counter type="METHOD" missed="0" covered="1"/></method><method name="lambda$hasPort$8" desc="(Ljava/net/URI;)Z" line="164"><counter type="INSTRUCTION" missed="1" covered="6"/><counter type="BRANCH" missed="1" covered="1"/><counter type="LINE" missed="0" covered="1"/><counter type="COMPLEXITY" missed="1" covered="1"/><counter type="METHOD" missed="0" covered="1"/></method><method name="lambda$hasHost$7" desc="([Ljava/lang/String;Ljava/net/URI;)Z" line="154"><counter type="INSTRUCTION" missed="0" covered="6"/><counter type="LINE" missed="0" covered="1"/><counter type="COMPLEXITY" missed="0" covered="1"/><counter type="METHOD" missed="0" covered="1"/></method><method name="lambda$hasHost$6" desc="(Ljava/net/URI;Ljava/lang/String;)Z" line="154"><counter type="INSTRUCTION" missed="0" covered="5"/><counter type="LINE" missed="0" covered="1"/><counter type="COMPLEXITY" missed="0" covered="1"/><counter type="METHOD" missed="0" covered="1"/></method><method name="lambda$hasHost$5" desc="(Ljava/net/URI;)Z" line="144"><counter type="INSTRUCTION" missed="1" covered="6"/><counter type="BRANCH" missed="1" covered="1"/><counter type="LINE" missed="0" covered="1"/><counter type="COMPLEXITY" missed="1" covered="1"/><counter type="METHOD" missed="0" covered="1"/></method><method name="lambda$hasSqueme$4" desc="([Ljava/lang/String;Ljava/net/URI;)Z" line="134"><counter type="INSTRUCTION" missed="0" covered="6"/><counter type="LINE" missed="0" covered="1"/><counter type="COMPLEXITY" missed="0" covered="1"/><counter type="METHOD" missed="0" covered="1"/></method><method name="lambda$hasSqueme$3" desc="(Ljava/net/URI;Ljava/lang/String;)Z" line="134"><counter type="INSTRUCTION" missed="0" covered="5"/><counter type="LINE" missed="0" covered="1"/><counter type="COMPLEXITY" missed="0" covered="1"/><counter type="METHOD" missed="0" covered="1"/></method><method name="lambda$hasSqueme$2" desc="(Ljava/net/URI;)Z" line="124"><counter type="INSTRUCTION" missed="1" covered="6"/><counter type="BRANCH" missed="1" covered="1"/><counter type="LINE" missed="0" covered="1"/><counter type="COMPLEXITY" missed="1" covered="1"/><counter type="METHOD" missed="0" covered="1"/></method><method name="lambda$isRelative$1" desc="(Ljava/net/URI;)Z" line="115"><counter type="INSTRUCTION" missed="1" covered="6"/><counter type="BRANCH" missed="1" covered="1"/><counter type="LINE" missed="0" covered="1"/><counter type="COMPLEXITY" missed="1" covered="1"/><counter type="METHOD" missed="0" covered="1"/></method><method name="lambda$isAbsolute$0" desc="(Ljava/net/URI;)Z" line="106"><counter type="INSTRUCTION" missed="0" covered="3"/><counter type="LINE" missed="0" covered="1"/><counter type="COMPLEXITY" missed="0" covered="1"/><counter type="METHOD" missed="0" covered="1"/></method><counter type="INSTRUCTION" missed="25" covered="425"/><counter type="BRANCH" missed="8" covered="8"/><counter type="LINE" missed="4" covered="28"/><counter type="COMPLEXITY" missed="11" covered="42"/><counter type="METHOD" missed="3" covered="42"/><counter type="CLASS" missed="0" covered="1"/></class><class name="com/luchersol/specialized_checkers/io/CheckerFile" sourcefilename="CheckerFile.java"><method name="&lt;init&gt;" desc="(Ljava/io/File;Ljava/lang/String;)V" line="48"><counter type="INSTRUCTION" missed="0" covered="5"/><counter type="LINE" missed="0" covered="2"/><counter type="COMPLEXITY" missed="0" covered="1"/><counter type="METHOD" missed="0" covered="1"/></method><method name="check" desc="(Ljava/io/File;Ljava/lang/String;)Lcom/luchersol/specialized_checkers/io/CheckerFile;" line="60"><counter type="INSTRUCTION" missed="0" covered="6"/><counter type="LINE" missed="0" covered="1"/><counter type="COMPLEXITY" missed="0" covered="1"/><counter type="METHOD" missed="0" covered="1"/></method><method name="check" desc="(Ljava/lang/String;Ljava/lang/String;)Lcom/luchersol/specialized_checkers/io/CheckerFile;" line="71"><counter type="INSTRUCTION" missed="9" covered="0"/><counter type="LINE" missed="2" covered="0"/><counter type="COMPLEXITY" missed="1" covered="0"/><counter type="METHOD" missed="1" covered="0"/></method><method name="check" desc="(Ljava/io/File;)Lcom/luchersol/specialized_checkers/io/CheckerFile;" line="82"><counter type="INSTRUCTION" missed="4" covered="0"/><counter type="LINE" missed="1" covered="0"/><counter type="COMPLEXITY" missed="1" covered="0"/><counter type="METHOD" missed="1" covered="0"/></method><method name="check" desc="(Ljava/lang/String;)Lcom/luchersol/specialized_checkers/io/CheckerFile;" line="92"><counter type="INSTRUCTION" missed="8" covered="0"/><counter type="LINE" missed="2" covered="0"/><counter type="COMPLEXITY" missed="1" covered="0"/><counter type="METHOD" missed="1" covered="0"/></method><method name="self" desc="()Lcom/luchersol/specialized_checkers/io/CheckerFile;" line="103"><counter type="INSTRUCTION" missed="0" covered="2"/><counter type="LINE" missed="0" covered="1"/><counter type="COMPLEXITY" missed="0" covered="1"/><counter type="METHOD" missed="0" covered="1"/></method><method name="exists" desc="()Lcom/luchersol/specialized_checkers/io/CheckerFile;" line="112"><counter type="INSTRUCTION" missed="0" covered="8"/><counter type="LINE" missed="0" covered="1"/><counter type="COMPLEXITY" missed="0" covered="1"/><counter type="METHOD" missed="0" covered="1"/></method><method name="isTypeFile" desc="()Lcom/luchersol/specialized_checkers/io/CheckerFile;" line="121"><counter type="INSTRUCTION" missed="0" covered="8"/><counter type="LINE" missed="0" covered="1"/><counter type="COMPLEXITY" missed="0" covered="1"/><counter type="METHOD" missed="0" covered="1"/></method><method name="isTypeDirectory" desc="()Lcom/luchersol/specialized_checkers/io/CheckerFile;" line="130"><counter type="INSTRUCTION" missed="0" covered="8"/><counter type="LINE" missed="0" covered="1"/><counter type="COMPLEXITY" missed="0" covered="1"/><counter type="METHOD" missed="0" covered="1"/></method><method name="isTypeHidden" desc="()Lcom/luchersol/specialized_checkers/io/CheckerFile;" line="139"><counter type="INSTRUCTION" missed="0" covered="8"/><counter type="LINE" missed="0" covered="1"/><counter type="COMPLEXITY" missed="0" covered="1"/><counter type="METHOD" missed="0" covered="1"/></method><method name="canRead" desc="()Lcom/luchersol/specialized_checkers/io/CheckerFile;" line="148"><counter type="INSTRUCTION" missed="0" covered="8"/><counter type="LINE" missed="0" covered="1"/><counter type="COMPLEXITY" missed="0" covered="1"/><counter type="METHOD" missed="0" covered="1"/></method><method name="canWrite" desc="()Lcom/luchersol/specialized_checkers/io/CheckerFile;" line="157"><counter type="INSTRUCTION" missed="0" covered="8"/><counter type="LINE" missed="0" covered="1"/><counter type="COMPLEXITY" missed="0" covered="1"/><counter type="METHOD" missed="0" covered="1"/></method><method name="min" desc="(I)Lcom/luchersol/specialized_checkers/io/CheckerFile;" line="167"><counter type="INSTRUCTION" missed="0" covered="16"/><counter type="LINE" missed="0" covered="1"/><counter type="COMPLEXITY" missed="0" covered="1"/><counter type="METHOD" missed="0" covered="1"/></method><method name="max" desc="(I)Lcom/luchersol/specialized_checkers/io/CheckerFile;" line="177"><counter type="INSTRUCTION" missed="0" covered="19"/><counter type="LINE" missed="0" covered="2"/><counter type="COMPLEXITY" missed="0" covered="1"/><counter type="METHOD" missed="0" covered="1"/></method><method name="inRange" desc="(II)Lcom/luchersol/specialized_checkers/io/CheckerFile;" line="189"><counter type="INSTRUCTION" missed="0" covered="25"/><counter type="LINE" missed="0" covered="2"/><counter type="COMPLEXITY" missed="0" covered="1"/><counter type="METHOD" missed="0" covered="1"/></method><method name="withExtension" desc="(Ljava/lang/String;)Lcom/luchersol/specialized_checkers/io/CheckerFile;" line="200"><counter type="INSTRUCTION" missed="0" covered="9"/><counter type="LINE" missed="0" covered="1"/><counter type="COMPLEXITY" missed="0" covered="1"/><counter type="METHOD" missed="0" covered="1"/></method><method name="withAnyExtension" desc="([Ljava/lang/String;)Lcom/luchersol/specialized_checkers/io/CheckerFile;" line="210"><counter type="INSTRUCTION" missed="0" covered="9"/><counter type="LINE" missed="0" covered="1"/><counter type="COMPLEXITY" missed="0" covered="1"/><counter type="METHOD" missed="0" covered="1"/></method><method name="isIdentical" desc="(Ljava/lang/String;)Lcom/luchersol/specialized_checkers/io/CheckerFile;" line="220"><counter type="INSTRUCTION" missed="0" covered="9"/><counter type="LINE" missed="0" covered="1"/><counter type="COMPLEXITY" missed="0" covered="1"/><counter type="METHOD" missed="0" covered="1"/></method><method name="areFilesIdentical" desc="(Ljava/io/File;Ljava/lang/String;)Z" line="231"><counter type="INSTRUCTION" missed="15" covered="52"/><counter type="BRANCH" missed="6" covered="6"/><counter type="LINE" missed="4" covered="10"/><counter type="COMPLEXITY" missed="4" covered="3"/><counter type="METHOD" missed="0" covered="1"/></method><method name="getFileExtension" desc="(Ljava/io/File;)Ljava/lang/String;" line="262"><counter type="INSTRUCTION" missed="2" covered="18"/><counter type="BRANCH" missed="2" covered="2"/><counter type="LINE" missed="0" covered="4"/><counter type="COMPLEXITY" missed="2" covered="1"/><counter type="METHOD" missed="0" covered="1"/></method><method name="getFileSize" desc="(Ljava/io/File;)J" line="277"><counter type="INSTRUCTION" missed="32" covered="11"/><counter type="BRANCH" missed="7" covered="3"/><counter type="LINE" missed="6" covered="2"/><counter type="COMPLEXITY" missed="5" covered="1"/><counter type="METHOD" missed="0" covered="1"/></method><method name="lambda$isIdentical$12" desc="(Ljava/lang/String;Ljava/io/File;)Z" line="220"><counter type="INSTRUCTION" missed="0" covered="4"/><counter type="LINE" missed="0" covered="1"/><counter type="COMPLEXITY" missed="0" covered="1"/><counter type="METHOD" missed="0" covered="1"/></method><method name="lambda$withAnyExtension$11" desc="([Ljava/lang/String;Ljava/io/File;)Z" line="210"><counter type="INSTRUCTION" missed="0" covered="6"/><counter type="LINE" missed="0" covered="1"/><counter type="COMPLEXITY" missed="0" covered="1"/><counter type="METHOD" missed="0" covered="1"/></method><method name="lambda$withAnyExtension$10" desc="(Ljava/io/File;Ljava/lang/String;)Z" line="210"><counter type="INSTRUCTION" missed="0" covered="5"/><counter type="LINE" missed="0" covered="1"/><counter type="COMPLEXITY" missed="0" covered="1"/><counter type="METHOD" missed="0" covered="1"/></method><method name="lambda$withExtension$9" desc="(Ljava/lang/String;Ljava/io/File;)Z" line="200"><counter type="INSTRUCTION" missed="0" covered="5"/><counter type="LINE" missed="0" covered="1"/><counter type="COMPLEXITY" missed="0" covered="1"/><counter type="METHOD" missed="0" covered="1"/></method><method name="lambda$inRange$8" desc="(IILjava/io/File;)Z" line="190"><counter type="INSTRUCTION" missed="1" covered="15"/><counter type="BRANCH" missed="2" covered="2"/><counter type="LINE" missed="0" covered="1"/><counter type="COMPLEXITY" missed="2" covered="1"/><counter type="METHOD" missed="0" covered="1"/></method><method name="lambda$max$7" desc="(ILjava/io/File;)Z" line="178"><counter type="INSTRUCTION" missed="0" covered="10"/><counter type="BRANCH" missed="0" covered="2"/><counter type="LINE" missed="0" covered="1"/><counter type="COMPLEXITY" missed="0" covered="2"/><counter type="METHOD" missed="0" covered="1"/></method><method name="lambda$min$6" desc="(ILjava/io/File;)Z" line="167"><counter type="INSTRUCTION" missed="0" covered="10"/><counter type="BRANCH" missed="0" covered="2"/><counter type="LINE" missed="0" covered="1"/><counter type="COMPLEXITY" missed="0" covered="2"/><counter type="METHOD" missed="0" covered="1"/></method><method name="lambda$canWrite$5" desc="(Ljava/io/File;)Z" line="157"><counter type="INSTRUCTION" missed="0" covered="3"/><counter type="LINE" missed="0" covered="1"/><counter type="COMPLEXITY" missed="0" covered="1"/><counter type="METHOD" missed="0" covered="1"/></method><method name="lambda$canRead$4" desc="(Ljava/io/File;)Z" line="148"><counter type="INSTRUCTION" missed="0" covered="3"/><counter type="LINE" missed="0" covered="1"/><counter type="COMPLEXITY" missed="0" covered="1"/><counter type="METHOD" missed="0" covered="1"/></method><method name="lambda$isTypeHidden$3" desc="(Ljava/io/File;)Z" line="139"><counter type="INSTRUCTION" missed="0" covered="3"/><counter type="LINE" missed="0" covered="1"/><counter type="COMPLEXITY" missed="0" covered="1"/><counter type="METHOD" missed="0" covered="1"/></method><method name="lambda$isTypeDirectory$2" desc="(Ljava/io/File;)Z" line="130"><counter type="INSTRUCTION" missed="0" covered="3"/><counter type="LINE" missed="0" covered="1"/><counter type="COMPLEXITY" missed="0" covered="1"/><counter type="METHOD" missed="0" covered="1"/></method><method name="lambda$isTypeFile$1" desc="(Ljava/io/File;)Z" line="121"><counter type="INSTRUCTION" missed="0" covered="3"/><counter type="LINE" missed="0" covered="1"/><counter type="COMPLEXITY" missed="0" covered="1"/><counter type="METHOD" missed="0" covered="1"/></method><method name="lambda$exists$0" desc="(Ljava/io/File;)Z" line="112"><counter type="INSTRUCTION" missed="0" covered="3"/><counter type="LINE" missed="0" covered="1"/><counter type="COMPLEXITY" missed="0" covered="1"/><counter type="METHOD" missed="0" covered="1"/></method><counter type="INSTRUCTION" missed="71" covered="302"/><counter type="BRANCH" missed="17" covered="17"/><counter type="LINE" missed="15" covered="34"/><counter type="COMPLEXITY" missed="16" covered="35"/><counter type="METHOD" missed="3" covered="31"/><counter type="CLASS" missed="0" covered="1"/></class><sourcefile name="CheckerFile.java"><line nr="48" mi="0" ci="4" mb="0" cb="0"/><line nr="49" mi="0" ci="1" mb="0" cb="0"/><line nr="60" mi="0" ci="6" mb="0" cb="0"/><line nr="71" mi="5" ci="0" mb="0" cb="0"/><line nr="72" mi="4" ci="0" mb="0" cb="0"/><line nr="82" mi="4" ci="0" mb="0" cb="0"/><line nr="92" mi="5" ci="0" mb="0" cb="0"/><line nr="93" mi="3" ci="0" mb="0" cb="0"/><line nr="103" mi="0" ci="2" mb="0" cb="0"/><line nr="112" mi="0" ci="11" mb="0" cb="0"/><line nr="121" mi="0" ci="11" mb="0" cb="0"/><line nr="130" mi="0" ci="11" mb="0" cb="0"/><line nr="139" mi="0" ci="11" mb="0" cb="0"/><line nr="148" mi="0" ci="11" mb="0" cb="0"/><line nr="157" mi="0" ci="11" mb="0" cb="0"/><line nr="167" mi="0" ci="26" mb="0" cb="2"/><line nr="177" mi="0" ci="3" mb="0" cb="0"/><line nr="178" mi="0" ci="26" mb="0" cb="2"/><line nr="189" mi="0" ci="3" mb="0" cb="0"/><line nr="190" mi="1" ci="37" mb="2" cb="2"/><line nr="200" mi="0" ci="14" mb="0" cb="0"/><line nr="210" mi="0" ci="20" mb="0" cb="0"/><line nr="220" mi="0" ci="13" mb="0" cb="0"/><line nr="231" mi="0" ci="5" mb="0" cb="0"/><line nr="233" mi="0" ci="8" mb="0" cb="2"/><line nr="235" mi="0" ci="6" mb="0" cb="0"/><line nr="236" mi="0" ci="5" mb="0" cb="0"/><line nr="238" mi="0" ci="3" mb="0" cb="0"/><line nr="239" mi="0" ci="3" mb="0" cb="0"/><line nr="242" mi="0" ci="7" mb="0" cb="2"/><line nr="243" mi="0" ci="4" mb="0" cb="0"/><line nr="244" mi="0" ci="7" mb="2" cb="2"/><line nr="245" mi="4" ci="0" mb="0" cb="0"/><line nr="248" mi="0" ci="4" mb="0" cb="0"/><line nr="249" mi="8" ci="0" mb="4" cb="0"/><line nr="250" mi="1" ci="0" mb="0" cb="0"/><line nr="251" mi="2" ci="0" mb="0" cb="0"/><line nr="262" mi="0" ci="3" mb="0" cb="0"/><line nr="263" mi="0" ci="4" mb="0" cb="0"/><line nr="265" mi="2" ci="5" mb="2" cb="2"/><line nr="267" mi="0" ci="6" mb="0" cb="0"/><line nr="277" mi="2" ci="5" mb="2" cb="2"/><line nr="279" mi="0" ci="6" mb="1" cb="1"/><line nr="281" mi="2" ci="0" mb="0" cb="0"/><line nr="282" mi="3" ci="0" mb="0" cb="0"/><line nr="284" mi="2" ci="0" mb="2" cb="0"/><line nr="285" mi="16" ci="0" mb="2" cb="0"/><line nr="286" mi="5" ci="0" mb="0" cb="0"/><line nr="290" mi="2" ci="0" mb="0" cb="0"/><counter type="INSTRUCTION" missed="71" covered="302"/><counter type="BRANCH" missed="17" covered="17"/><counter type="LINE" missed="15" covered="34"/><counter type="COMPLEXITY" missed="16" covered="35"/><counter type="METHOD" missed="3" covered="31"/><counter type="CLASS" missed="0" covered="1"/></sourcefile><sourcefile name="CheckerJson.java"><line nr="45" mi="0" ci="4" mb="0" cb="0"/><line nr="46" mi="0" ci="1" mb="0" cb="0"/><line nr="56" mi="0" ci="6" mb="0" cb="0"/><line nr="68" mi="0" ci="4" mb="0" cb="0"/><line nr="69" mi="0" ci="4" mb="0" cb="0"/><line nr="70" mi="0" ci="4" mb="0" cb="0"/><line nr="82" mi="5" ci="0" mb="0" cb="0"/><line nr="83" mi="4" ci="0" mb="0" cb="0"/><line nr="84" mi="4" ci="0" mb="0" cb="0"/><line nr="85" mi="4" ci="0" mb="0" cb="0"/><line nr="95" mi="0" ci="4" mb="0" cb="0"/><line nr="106" mi="0" ci="4" mb="0" cb="0"/><line nr="117" mi="4" ci="0" mb="0" cb="0"/><line nr="127" mi="0" ci="2" mb="0" cb="0"/><line nr="137" mi="0" ci="20" mb="0" cb="0"/><line nr="147" mi="0" ci="14" mb="0" cb="0"/><line nr="157" mi="14" ci="0" mb="0" cb="0"/><line nr="167" mi="14" ci="0" mb="0" cb="0"/><line nr="177" mi="14" ci="0" mb="0" cb="0"/><line nr="187" mi="0" ci="14" mb="0" cb="0"/><line nr="197" mi="14" ci="0" mb="0" cb="0"/><line nr="207" mi="14" ci="0" mb="0" cb="0"/><line nr="217" mi="14" ci="0" mb="0" cb="0"/><line nr="227" mi="14" ci="0" mb="0" cb="0"/><line nr="237" mi="14" ci="0" mb="0" cb="0"/><line nr="247" mi="0" ci="14" mb="0" cb="0"/><line nr="257" mi="14" ci="0" mb="0" cb="0"/><line nr="267" mi="14" ci="0" mb="0" cb="0"/><line nr="277" mi="14" ci="0" mb="0" cb="0"/><line nr="287" mi="0" ci="14" mb="0" cb="0"/><line nr="297" mi="14" ci="0" mb="0" cb="0"/><line nr="307" mi="0" ci="14" mb="0" cb="0"/><line nr="317" mi="14" ci="0" mb="0" cb="0"/><line nr="327" mi="14" ci="0" mb="0" cb="0"/><line nr="337" mi="0" ci="14" mb="0" cb="0"/><line nr="349" mi="0" ci="20" mb="0" cb="0"/><line nr="350" mi="0" ci="4" mb="0" cb="0"/><line nr="351" mi="1" ci="16" mb="4" cb="4"/><line nr="352" mi="0" ci="8" mb="0" cb="0"/><line nr="363" mi="0" ci="20" mb="0" cb="0"/><line nr="364" mi="0" ci="4" mb="0" cb="0"/><line nr="365" mi="1" ci="13" mb="3" cb="3"/><line nr="366" mi="0" ci="1" mb="0" cb="0"/><line nr="377" mi="0" ci="20" mb="0" cb="0"/><line nr="378" mi="0" ci="4" mb="0" cb="0"/><line nr="379" mi="1" ci="13" mb="3" cb="3"/><line nr="380" mi="0" ci="1" mb="0" cb="0"/><line nr="392" mi="0" ci="20" mb="0" cb="0"/><line nr="393" mi="0" ci="4" mb="0" cb="0"/><line nr="394" mi="1" ci="18" mb="4" cb="4"/><line nr="395" mi="0" ci="8" mb="0" cb="0"/><line nr="408" mi="0" ci="16" mb="0" cb="0"/><line nr="409" mi="0" ci="4" mb="0" cb="0"/><line nr="410" mi="0" ci="10" mb="1" cb="3"/><line nr="411" mi="0" ci="1" mb="0" cb="0"/><line nr="423" mi="0" ci="4" mb="0" cb="0"/><line nr="424" mi="0" ci="4" mb="0" cb="0"/><line nr="426" mi="0" ci="16" mb="0" cb="2"/><line nr="427" mi="0" ci="2" mb="1" cb="1"/><line nr="428" mi="2" ci="0" mb="0" cb="0"/><line nr="430" mi="0" ci="4" mb="0" cb="0"/><line nr="433" mi="0" ci="4" mb="0" cb="0"/><line nr="434" mi="1" ci="0" mb="0" cb="0"/><line nr="435" mi="2" ci="0" mb="0" cb="0"/><line nr="446" mi="0" ci="6" mb="0" cb="0"/><line nr="456" mi="1" ci="7" mb="1" cb="1"/><counter type="INSTRUCTION" missed="227" covered="389"/><counter type="BRANCH" missed="17" covered="21"/><counter type="LINE" missed="22" covered="44"/><counter type="COMPLEXITY" missed="33" covered="29"/><counter type="METHOD" missed="16" covered="27"/><counter type="CLASS" missed="0" covered="1"/></sourcefile><sourcefile name="CheckerURI.java"><line nr="44" mi="0" ci="4" mb="0" cb="0"/><line nr="45" mi="0" ci="1" mb="0" cb="0"/><line nr="55" mi="0" ci="6" mb="0" cb="0"/><line nr="66" mi="3" ci="0" mb="0" cb="0"/><line nr="67" mi="6" ci="0" mb="0" cb="0"/><line nr="77" mi="4" ci="0" mb="0" cb="0"/><line nr="87" mi="4" ci="0" mb="0" cb="0"/><line nr="97" mi="0" ci="2" mb="0" cb="0"/><line nr="106" mi="0" ci="18" mb="0" cb="0"/><line nr="115" mi="1" ci="21" mb="1" cb="1"/><line nr="124" mi="1" ci="21" mb="1" cb="1"/><line nr="134" mi="0" ci="29" mb="0" cb="0"/><line nr="135" mi="0" ci="3" mb="0" cb="0"/><line nr="144" mi="1" ci="21" mb="1" cb="1"/><line nr="154" mi="0" ci="29" mb="0" cb="0"/><line nr="155" mi="0" ci="3" mb="0" cb="0"/><line nr="164" mi="1" ci="21" mb="1" cb="1"/><line nr="174" mi="0" ci="31" mb="0" cb="0"/><line nr="175" mi="0" ci="3" mb="0" cb="0"/><line nr="184" mi="1" ci="21" mb="1" cb="1"/><line nr="194" mi="0" ci="18" mb="0" cb="0"/><line nr="195" mi="0" ci="11" mb="0" cb="0"/><line nr="196" mi="0" ci="3" mb="0" cb="0"/><line nr="205" mi="1" ci="21" mb="1" cb="1"/><line nr="215" mi="0" ci="29" mb="0" cb="0"/><line nr="216" mi="0" ci="3" mb="0" cb="0"/><line nr="225" mi="1" ci="21" mb="1" cb="1"/><line nr="235" mi="0" ci="29" mb="0" cb="0"/><line nr="236" mi="0" ci="3" mb="0" cb="0"/><line nr="245" mi="1" ci="21" mb="1" cb="1"/><line nr="255" mi="0" ci="29" mb="0" cb="0"/><line nr="256" mi="0" ci="3" mb="0" cb="0"/><counter type="INSTRUCTION" missed="25" covered="425"/><counter type="BRANCH" missed="8" covered="8"/><counter type="LINE" missed="4" covered="28"/><counter type="COMPLEXITY" missed="11" covered="42"/><counter type="METHOD" missed="3" covered="42"/><counter type="CLASS" missed="0" covered="1"/></sourcefile><counter type="INSTRUCTION" missed="323" covered="1116"/><counter type="BRANCH" missed="42" covered="46"/><counter type="LINE" missed="41" covered="106"/><counter type="COMPLEXITY" missed="60" covered="106"/><counter type="METHOD" missed="22" covered="100"/><counter type="CLASS" missed="0" covered="3"/></package><package name="com/luchersol/specialized_checkers/lambda"><class name="com/luchersol/specialized_checkers/lambda/CheckerCallable" sourcefilename="CheckerCallable.java"><method name="&lt;init&gt;" desc="(Ljava/util/concurrent/Callable;Ljava/lang/String;)V" line="44"><counter type="INSTRUCTION" missed="0" covered="5"/><counter type="LINE" missed="0" covered="2"/><counter type="COMPLEXITY" missed="0" covered="1"/><counter type="METHOD" missed="0" covered="1"/></method><method name="check" desc="(Ljava/util/concurrent/Callable;Ljava/lang/String;)Lcom/luchersol/specialized_checkers/lambda/CheckerCallable;" line="56"><counter type="INSTRUCTION" missed="0" covered="6"/><counter type="LINE" missed="0" covered="1"/><counter type="COMPLEXITY" missed="0" covered="1"/><counter type="METHOD" missed="0" covered="1"/></method><method name="check" desc="(Ljava/util/concurrent/Callable;)Lcom/luchersol/specialized_checkers/lambda/CheckerCallable;" line="67"><counter type="INSTRUCTION" missed="0" covered="4"/><counter type="LINE" missed="0" covered="1"/><counter type="COMPLEXITY" missed="0" covered="1"/><counter type="METHOD" missed="0" covered="1"/></method><method name="self" desc="()Lcom/luchersol/specialized_checkers/lambda/CheckerCallable;" line="77"><counter type="INSTRUCTION" missed="0" covered="2"/><counter type="LINE" missed="0" covered="1"/><counter type="COMPLEXITY" missed="0" covered="1"/><counter type="METHOD" missed="0" covered="1"/></method><method name="callWithoutException" desc="()Lcom/luchersol/specialized_checkers/lambda/CheckerCallable;" line="86"><counter type="INSTRUCTION" missed="0" covered="8"/><counter type="LINE" missed="0" covered="2"/><counter type="COMPLEXITY" missed="0" covered="1"/><counter type="METHOD" missed="0" covered="1"/></method><method name="producesExpected" desc="(Ljava/lang/Object;)Lcom/luchersol/specialized_checkers/lambda/CheckerCallable;" line="103"><counter type="INSTRUCTION" missed="0" covered="15"/><counter type="LINE" missed="0" covered="2"/><counter type="COMPLEXITY" missed="0" covered="1"/><counter type="METHOD" missed="0" covered="1"/></method><method name="producesNonNull" desc="()Lcom/luchersol/specialized_checkers/lambda/CheckerCallable;" line="119"><counter type="INSTRUCTION" missed="0" covered="8"/><counter type="LINE" missed="0" covered="2"/><counter type="COMPLEXITY" missed="0" covered="1"/><counter type="METHOD" missed="0" covered="1"/></method><method name="lambda$producesNonNull$2" desc="(Ljava/util/concurrent/Callable;)Z" line="121"><counter type="INSTRUCTION" missed="3" covered="7"/><counter type="BRANCH" missed="0" covered="2"/><counter type="LINE" missed="2" covered="1"/><counter type="COMPLEXITY" missed="0" covered="2"/><counter type="METHOD" missed="0" covered="1"/></method><method name="lambda$producesExpected$1" desc="(Ljava/lang/Object;Ljava/util/concurrent/Callable;)Z" line="105"><counter type="INSTRUCTION" missed="0" covered="10"/><counter type="LINE" missed="0" covered="4"/><counter type="COMPLEXITY" missed="0" covered="1"/><counter type="METHOD" missed="0" covered="1"/></method><method name="lambda$callWithoutException$0" desc="(Ljava/util/concurrent/Callable;)Z" line="88"><counter type="INSTRUCTION" missed="0" covered="8"/><counter type="LINE" missed="0" covered="4"/><counter type="COMPLEXITY" missed="0" covered="1"/><counter type="METHOD" missed="0" covered="1"/></method><counter type="INSTRUCTION" missed="3" covered="73"/><counter type="BRANCH" missed="0" covered="2"/><counter type="LINE" missed="2" covered="20"/><counter type="COMPLEXITY" missed="0" covered="11"/><counter type="METHOD" missed="0" covered="10"/><counter type="CLASS" missed="0" covered="1"/></class><class name="com/luchersol/specialized_checkers/lambda/CheckerFunction" sourcefilename="CheckerFunction.java"><method name="&lt;init&gt;" desc="(Ljava/util/function/Function;Ljava/lang/String;)V" line="52"><counter type="INSTRUCTION" missed="0" covered="5"/><counter type="LINE" missed="0" covered="2"/><counter type="COMPLEXITY" missed="0" covered="1"/><counter type="METHOD" missed="0" covered="1"/></method><method name="check" desc="(Ljava/util/function/Function;Ljava/lang/String;)Lcom/luchersol/specialized_checkers/lambda/CheckerFunction;" line="65"><counter type="INSTRUCTION" missed="0" covered="6"/><counter type="LINE" missed="0" covered="1"/><counter type="COMPLEXITY" missed="0" covered="1"/><counter type="METHOD" missed="0" covered="1"/></method><method name="check" desc="(Ljava/util/function/Function;)Lcom/luchersol/specialized_checkers/lambda/CheckerFunction;" line="77"><counter type="INSTRUCTION" missed="0" covered="4"/><counter type="LINE" missed="0" covered="1"/><counter type="COMPLEXITY" missed="0" covered="1"/><counter type="METHOD" missed="0" covered="1"/></method><method name="self" desc="()Lcom/luchersol/specialized_checkers/lambda/CheckerFunction;" line="87"><counter type="INSTRUCTION" missed="0" covered="2"/><counter type="LINE" missed="0" covered="1"/><counter type="COMPLEXITY" missed="0" covered="1"/><counter type="METHOD" missed="0" covered="1"/></method><method name="activateDeepClone" desc="()Lcom/luchersol/specialized_checkers/lambda/CheckerFunction;" line="99"><counter type="INSTRUCTION" missed="0" covered="6"/><counter type="LINE" missed="0" covered="2"/><counter type="COMPLEXITY" missed="0" covered="1"/><counter type="METHOD" missed="0" covered="1"/></method><method name="deactivateDeepClone" desc="()Lcom/luchersol/specialized_checkers/lambda/CheckerFunction;" line="109"><counter type="INSTRUCTION" missed="0" covered="6"/><counter type="LINE" missed="0" covered="2"/><counter type="COMPLEXITY" missed="0" covered="1"/><counter type="METHOD" missed="0" covered="1"/></method><method name="getInput" desc="(Ljava/lang/Object;)Ljava/lang/Object;" line="120"><counter type="INSTRUCTION" missed="3" covered="5"/><counter type="BRANCH" missed="1" covered="1"/><counter type="LINE" missed="0" covered="1"/><counter type="COMPLEXITY" missed="1" covered="1"/><counter type="METHOD" missed="0" covered="1"/></method><method name="applyWithoutException" desc="(Ljava/lang/Object;)Lcom/luchersol/specialized_checkers/lambda/CheckerFunction;" line="133"><counter type="INSTRUCTION" missed="0" covered="16"/><counter type="LINE" missed="0" covered="2"/><counter type="COMPLEXITY" missed="0" covered="1"/><counter type="METHOD" missed="0" covered="1"/></method><method name="producesExpected" desc="(Ljava/lang/Object;Ljava/lang/Object;)Lcom/luchersol/specialized_checkers/lambda/CheckerFunction;" line="155"><counter type="INSTRUCTION" missed="0" covered="20"/><counter type="LINE" missed="0" covered="2"/><counter type="COMPLEXITY" missed="0" covered="1"/><counter type="METHOD" missed="0" covered="1"/></method><method name="producesNonNull" desc="(Ljava/lang/Object;)Lcom/luchersol/specialized_checkers/lambda/CheckerFunction;" line="175"><counter type="INSTRUCTION" missed="0" covered="15"/><counter type="LINE" missed="0" covered="2"/><counter type="COMPLEXITY" missed="0" covered="1"/><counter type="METHOD" missed="0" covered="1"/></method><method name="lambda$producesNonNull$2" desc="(Ljava/lang/Object;Ljava/util/function/Function;)Z" line="177"><counter type="INSTRUCTION" missed="3" covered="8"/><counter type="BRANCH" missed="0" covered="2"/><counter type="LINE" missed="2" covered="1"/><counter type="COMPLEXITY" missed="0" covered="2"/><counter type="METHOD" missed="0" covered="1"/></method><method name="lambda$producesExpected$1" desc="(Ljava/lang/Object;Ljava/lang/Object;Ljava/util/function/Function;)Z" line="157"><counter type="INSTRUCTION" missed="3" covered="8"/><counter type="LINE" missed="2" covered="2"/><counter type="COMPLEXITY" missed="0" covered="1"/><counter type="METHOD" missed="0" covered="1"/></method><method name="lambda$applyWithoutException$0" desc="(Ljava/lang/Object;Ljava/util/function/Function;)Z" line="135"><counter type="INSTRUCTION" missed="0" covered="13"/><counter type="LINE" missed="0" covered="5"/><counter type="COMPLEXITY" missed="0" covered="1"/><counter type="METHOD" missed="0" covered="1"/></method><counter type="INSTRUCTION" missed="9" covered="114"/><counter type="BRANCH" missed="1" covered="3"/><counter type="LINE" missed="4" covered="24"/><counter type="COMPLEXITY" missed="1" covered="14"/><counter type="METHOD" missed="0" covered="13"/><counter type="CLASS" missed="0" covered="1"/></class><class name="com/luchersol/specialized_checkers/lambda/CheckerConsumer" sourcefilename="CheckerConsumer.java"><method name="&lt;init&gt;" desc="(Ljava/util/function/Consumer;Ljava/lang/String;)V" line="50"><counter type="INSTRUCTION" missed="0" covered="5"/><counter type="LINE" missed="0" covered="2"/><counter type="COMPLEXITY" missed="0" covered="1"/><counter type="METHOD" missed="0" covered="1"/></method><method name="check" desc="(Ljava/util/function/Consumer;Ljava/lang/String;)Lcom/luchersol/specialized_checkers/lambda/CheckerConsumer;" line="62"><counter type="INSTRUCTION" missed="0" covered="6"/><counter type="LINE" missed="0" covered="1"/><counter type="COMPLEXITY" missed="0" covered="1"/><counter type="METHOD" missed="0" covered="1"/></method><method name="check" desc="(Ljava/util/function/Consumer;)Lcom/luchersol/specialized_checkers/lambda/CheckerConsumer;" line="73"><counter type="INSTRUCTION" missed="0" covered="4"/><counter type="LINE" missed="0" covered="1"/><counter type="COMPLEXITY" missed="0" covered="1"/><counter type="METHOD" missed="0" covered="1"/></method><method name="self" desc="()Lcom/luchersol/specialized_checkers/lambda/CheckerConsumer;" line="83"><counter type="INSTRUCTION" missed="0" covered="2"/><counter type="LINE" missed="0" covered="1"/><counter type="COMPLEXITY" missed="0" covered="1"/><counter type="METHOD" missed="0" covered="1"/></method><method name="activateDeepClone" desc="()Lcom/luchersol/specialized_checkers/lambda/CheckerConsumer;" line="94"><counter type="INSTRUCTION" missed="0" covered="6"/><counter type="LINE" missed="0" covered="2"/><counter type="COMPLEXITY" missed="0" covered="1"/><counter type="METHOD" missed="0" covered="1"/></method><method name="deactivateDeepClone" desc="()Lcom/luchersol/specialized_checkers/lambda/CheckerConsumer;" line="104"><counter type="INSTRUCTION" missed="0" covered="6"/><counter type="LINE" missed="0" covered="2"/><counter type="COMPLEXITY" missed="0" covered="1"/><counter type="METHOD" missed="0" covered="1"/></method><method name="getInput" desc="(Ljava/lang/Object;)Ljava/lang/Object;" line="115"><counter type="INSTRUCTION" missed="0" covered="8"/><counter type="BRANCH" missed="0" covered="2"/><counter type="LINE" missed="0" covered="1"/><counter type="COMPLEXITY" missed="0" covered="2"/><counter type="METHOD" missed="0" covered="1"/></method><method name="applyWithoutException" desc="(Ljava/lang/Object;)Lcom/luchersol/specialized_checkers/lambda/CheckerConsumer;" line="126"><counter type="INSTRUCTION" missed="0" covered="10"/><counter type="LINE" missed="0" covered="2"/><counter type="COMPLEXITY" missed="0" covered="1"/><counter type="METHOD" missed="0" covered="1"/></method><method name="applyWithoutException" desc="(Ljava/util/Collection;)Lcom/luchersol/specialized_checkers/lambda/CheckerConsumer;" line="144"><counter type="INSTRUCTION" missed="0" covered="10"/><counter type="LINE" missed="0" covered="2"/><counter type="COMPLEXITY" missed="0" covered="1"/><counter type="METHOD" missed="0" covered="1"/></method><method name="modifiesInput" desc="(Ljava/lang/Object;Ljava/util/function/Predicate;)Lcom/luchersol/specialized_checkers/lambda/CheckerConsumer;" line="165"><counter type="INSTRUCTION" missed="0" covered="17"/><counter type="LINE" missed="0" covered="2"/><counter type="COMPLEXITY" missed="0" covered="1"/><counter type="METHOD" missed="0" covered="1"/></method><method name="modifiesInput" desc="(Ljava/util/Collection;Ljava/util/function/Predicate;)Lcom/luchersol/specialized_checkers/lambda/CheckerConsumer;" line="184"><counter type="INSTRUCTION" missed="0" covered="17"/><counter type="LINE" missed="0" covered="2"/><counter type="COMPLEXITY" missed="0" covered="1"/><counter type="METHOD" missed="0" covered="1"/></method><method name="doesNothing" desc="(Ljava/lang/Object;)Lcom/luchersol/specialized_checkers/lambda/CheckerConsumer;" line="204"><counter type="INSTRUCTION" missed="0" covered="16"/><counter type="LINE" missed="0" covered="2"/><counter type="COMPLEXITY" missed="0" covered="1"/><counter type="METHOD" missed="0" covered="1"/></method><method name="doesNothing" desc="(Ljava/util/Collection;)Lcom/luchersol/specialized_checkers/lambda/CheckerConsumer;" line="223"><counter type="INSTRUCTION" missed="0" covered="16"/><counter type="LINE" missed="0" covered="2"/><counter type="COMPLEXITY" missed="0" covered="1"/><counter type="METHOD" missed="0" covered="1"/></method><method name="lambda$doesNothing$8" desc="(Ljava/util/Collection;Ljava/util/function/Consumer;)Z" line="223"><counter type="INSTRUCTION" missed="0" covered="7"/><counter type="LINE" missed="0" covered="1"/><counter type="COMPLEXITY" missed="0" covered="1"/><counter type="METHOD" missed="0" covered="1"/></method><method name="lambda$doesNothing$7" desc="(Ljava/util/function/Consumer;Ljava/lang/Object;)Z" line="225"><counter type="INSTRUCTION" missed="3" covered="14"/><counter type="LINE" missed="2" covered="4"/><counter type="COMPLEXITY" missed="0" covered="1"/><counter type="METHOD" missed="0" covered="1"/></method><method name="lambda$doesNothing$6" desc="(Ljava/lang/Object;Ljava/util/function/Consumer;)Z" line="206"><counter type="INSTRUCTION" missed="3" covered="14"/><counter type="LINE" missed="2" covered="4"/><counter type="COMPLEXITY" missed="0" covered="1"/><counter type="METHOD" missed="0" covered="1"/></method><method name="lambda$modifiesInput$5" desc="(Ljava/util/Collection;Ljava/util/function/Predicate;Ljava/util/function/Consumer;)Z" line="184"><counter type="INSTRUCTION" missed="0" covered="8"/><counter type="LINE" missed="0" covered="1"/><counter type="COMPLEXITY" missed="0" covered="1"/><counter type="METHOD" missed="0" covered="1"/></method><method name="lambda$modifiesInput$4" desc="(Ljava/util/function/Consumer;Ljava/util/function/Predicate;Ljava/lang/Object;)Z" line="186"><counter type="INSTRUCTION" missed="3" covered="11"/><counter type="LINE" missed="2" covered="3"/><counter type="COMPLEXITY" missed="0" covered="1"/><counter type="METHOD" missed="0" covered="1"/></method><method name="lambda$modifiesInput$3" desc="(Ljava/lang/Object;Ljava/util/function/Predicate;Ljava/util/function/Consumer;)Z" line="167"><counter type="INSTRUCTION" missed="3" covered="11"/><counter type="LINE" missed="2" covered="3"/><counter type="COMPLEXITY" missed="0" covered="1"/><counter type="METHOD" missed="0" covered="1"/></method><method name="lambda$applyWithoutException$2" desc="(Ljava/util/Collection;Ljava/util/function/Consumer;)Z" line="144"><counter type="INSTRUCTION" missed="0" covered="7"/><counter type="LINE" missed="0" covered="1"/><counter type="COMPLEXITY" missed="0" covered="1"/><counter type="METHOD" missed="0" covered="1"/></method><method name="lambda$applyWithoutException$1" desc="(Ljava/util/function/Consumer;Ljava/lang/Object;)Z" line="146"><counter type="INSTRUCTION" missed="0" covered="12"/><counter type="LINE" missed="0" covered="5"/><counter type="COMPLEXITY" missed="0" covered="1"/><counter type="METHOD" missed="0" covered="1"/></method><method name="lambda$applyWithoutException$0" desc="(Ljava/lang/Object;Ljava/util/function/Consumer;)Z" line="128"><counter type="INSTRUCTION" missed="0" covered="12"/><counter type="LINE" missed="0" covered="5"/><counter type="COMPLEXITY" missed="0" covered="1"/><counter type="METHOD" missed="0" covered="1"/></method><counter type="INSTRUCTION" missed="12" covered="219"/><counter type="BRANCH" missed="0" covered="2"/><counter type="LINE" missed="8" covered="46"/><counter type="COMPLEXITY" missed="0" covered="23"/><counter type="METHOD" missed="0" covered="22"/><counter type="CLASS" missed="0" covered="1"/></class><class name="com/luchersol/specialized_checkers/lambda/CheckerSupplier" sourcefilename="CheckerSupplier.java"><method name="&lt;init&gt;" desc="(Ljava/util/function/Supplier;Ljava/lang/String;)V" line="42"><counter type="INSTRUCTION" missed="0" covered="5"/><counter type="LINE" missed="0" covered="2"/><counter type="COMPLEXITY" missed="0" covered="1"/><counter type="METHOD" missed="0" covered="1"/></method><method name="check" desc="(Ljava/util/function/Supplier;Ljava/lang/String;)Lcom/luchersol/specialized_checkers/lambda/CheckerSupplier;" line="54"><counter type="INSTRUCTION" missed="0" covered="6"/><counter type="LINE" missed="0" covered="1"/><counter type="COMPLEXITY" missed="0" covered="1"/><counter type="METHOD" missed="0" covered="1"/></method><method name="check" desc="(Ljava/util/function/Supplier;)Lcom/luchersol/specialized_checkers/lambda/CheckerSupplier;" line="65"><counter type="INSTRUCTION" missed="0" covered="4"/><counter type="LINE" missed="0" covered="1"/><counter type="COMPLEXITY" missed="0" covered="1"/><counter type="METHOD" missed="0" covered="1"/></method><method name="self" desc="()Lcom/luchersol/specialized_checkers/lambda/CheckerSupplier;" line="75"><counter type="INSTRUCTION" missed="0" covered="2"/><counter type="LINE" missed="0" covered="1"/><counter type="COMPLEXITY" missed="0" covered="1"/><counter type="METHOD" missed="0" covered="1"/></method><method name="applyWithoutException" desc="()Lcom/luchersol/specialized_checkers/lambda/CheckerSupplier;" line="84"><counter type="INSTRUCTION" missed="0" covered="8"/><counter type="LINE" missed="0" covered="2"/><counter type="COMPLEXITY" missed="0" covered="1"/><counter type="METHOD" missed="0" covered="1"/></method><method name="producesExpected" desc="(Ljava/lang/Object;)Lcom/luchersol/specialized_checkers/lambda/CheckerSupplier;" line="101"><counter type="INSTRUCTION" missed="0" covered="15"/><counter type="LINE" missed="0" covered="2"/><counter type="COMPLEXITY" missed="0" covered="1"/><counter type="METHOD" missed="0" covered="1"/></method><method name="producesNonNull" desc="()Lcom/luchersol/specialized_checkers/lambda/CheckerSupplier;" line="117"><counter type="INSTRUCTION" missed="0" covered="8"/><counter type="LINE" missed="0" covered="2"/><counter type="COMPLEXITY" missed="0" covered="1"/><counter type="METHOD" missed="0" covered="1"/></method><method name="lambda$producesNonNull$2" desc="(Ljava/util/function/Supplier;)Z" line="119"><counter type="INSTRUCTION" missed="0" covered="10"/><counter type="BRANCH" missed="0" covered="2"/><counter type="LINE" missed="0" covered="3"/><counter type="COMPLEXITY" missed="0" covered="2"/><counter type="METHOD" missed="0" covered="1"/></method><method name="lambda$producesExpected$1" desc="(Ljava/lang/Object;Ljava/util/function/Supplier;)Z" line="103"><counter type="INSTRUCTION" missed="0" covered="10"/><counter type="LINE" missed="0" covered="4"/><counter type="COMPLEXITY" missed="0" covered="1"/><counter type="METHOD" missed="0" covered="1"/></method><method name="lambda$applyWithoutException$0" desc="(Ljava/util/function/Supplier;)Z" line="86"><counter type="INSTRUCTION" missed="0" covered="8"/><counter type="LINE" missed="0" covered="4"/><counter type="COMPLEXITY" missed="0" covered="1"/><counter type="METHOD" missed="0" covered="1"/></method><counter type="INSTRUCTION" missed="0" covered="76"/><counter type="BRANCH" missed="0" covered="2"/><counter type="LINE" missed="0" covered="22"/><counter type="COMPLEXITY" missed="0" covered="11"/><counter type="METHOD" missed="0" covered="10"/><counter type="CLASS" missed="0" covered="1"/></class><class name="com/luchersol/specialized_checkers/lambda/CheckerBiFunction" sourcefilename="CheckerBiFunction.java"><method name="&lt;init&gt;" desc="(Ljava/util/function/BiFunction;Ljava/lang/String;)V" line="50"><counter type="INSTRUCTION" missed="0" covered="5"/><counter type="LINE" missed="0" covered="2"/><counter type="COMPLEXITY" missed="0" covered="1"/><counter type="METHOD" missed="0" covered="1"/></method><method name="check" desc="(Ljava/util/function/BiFunction;Ljava/lang/String;)Lcom/luchersol/specialized_checkers/lambda/CheckerBiFunction;" line="64"><counter type="INSTRUCTION" missed="0" covered="6"/><counter type="LINE" missed="0" covered="1"/><counter type="COMPLEXITY" missed="0" covered="1"/><counter type="METHOD" missed="0" covered="1"/></method><method name="check" desc="(Ljava/util/function/BiFunction;)Lcom/luchersol/specialized_checkers/lambda/CheckerBiFunction;" line="77"><counter type="INSTRUCTION" missed="0" covered="4"/><counter type="LINE" missed="0" covered="1"/><counter type="COMPLEXITY" missed="0" covered="1"/><counter type="METHOD" missed="0" covered="1"/></method><method name="self" desc="()Lcom/luchersol/specialized_checkers/lambda/CheckerBiFunction;" line="87"><counter type="INSTRUCTION" missed="0" covered="2"/><counter type="LINE" missed="0" covered="1"/><counter type="COMPLEXITY" missed="0" covered="1"/><counter type="METHOD" missed="0" covered="1"/></method><method name="activateDeepClone" desc="()Lcom/luchersol/specialized_checkers/lambda/CheckerBiFunction;" line="96"><counter type="INSTRUCTION" missed="0" covered="6"/><counter type="LINE" missed="0" covered="2"/><counter type="COMPLEXITY" missed="0" covered="1"/><counter type="METHOD" missed="0" covered="1"/></method><method name="deactivateDeepClone" desc="()Lcom/luchersol/specialized_checkers/lambda/CheckerBiFunction;" line="106"><counter type="INSTRUCTION" missed="0" covered="6"/><counter type="LINE" missed="0" covered="2"/><counter type="COMPLEXITY" missed="0" covered="1"/><counter type="METHOD" missed="0" covered="1"/></method><method name="getInput1" desc="(Ljava/lang/Object;)Ljava/lang/Object;" line="117"><counter type="INSTRUCTION" missed="3" covered="5"/><counter type="BRANCH" missed="1" covered="1"/><counter type="LINE" missed="0" covered="1"/><counter type="COMPLEXITY" missed="1" covered="1"/><counter type="METHOD" missed="0" covered="1"/></method><method name="getInput2" desc="(Ljava/lang/Object;)Ljava/lang/Object;" line="127"><counter type="INSTRUCTION" missed="3" covered="5"/><counter type="BRANCH" missed="1" covered="1"/><counter type="LINE" missed="0" covered="1"/><counter type="COMPLEXITY" missed="1" covered="1"/><counter type="METHOD" missed="0" covered="1"/></method><method name="applyWithoutException" desc="(Ljava/lang/Object;Ljava/lang/Object;)Lcom/luchersol/specialized_checkers/lambda/CheckerBiFunction;" line="138"><counter type="INSTRUCTION" missed="0" covered="21"/><counter type="LINE" missed="0" covered="2"/><counter type="COMPLEXITY" missed="0" covered="1"/><counter type="METHOD" missed="0" covered="1"/></method><method name="producesExpected" desc="(Ljava/lang/Object;Ljava/lang/Object;Ljava/lang/Object;)Lcom/luchersol/specialized_checkers/lambda/CheckerBiFunction;" line="159"><counter type="INSTRUCTION" missed="0" covered="26"/><counter type="LINE" missed="0" covered="2"/><counter type="COMPLEXITY" missed="0" covered="1"/><counter type="METHOD" missed="0" covered="1"/></method><method name="producesNonNull" desc="(Ljava/lang/Object;Ljava/lang/Object;)Lcom/luchersol/specialized_checkers/lambda/CheckerBiFunction;" line="179"><counter type="INSTRUCTION" missed="0" covered="21"/><counter type="LINE" missed="0" covered="2"/><counter type="COMPLEXITY" missed="0" covered="1"/><counter type="METHOD" missed="0" covered="1"/></method><method name="lambda$producesNonNull$2" desc="(Ljava/lang/Object;Ljava/lang/Object;Ljava/util/function/BiFunction;)Z" line="181"><counter type="INSTRUCTION" missed="3" covered="17"/><counter type="BRANCH" missed="0" covered="2"/><counter type="LINE" missed="2" covered="3"/><counter type="COMPLEXITY" missed="0" covered="2"/><counter type="METHOD" missed="0" covered="1"/></method><method name="lambda$producesExpected$1" desc="(Ljava/lang/Object;Ljava/lang/Object;Ljava/lang/Object;Ljava/util/function/BiFunction;)Z" line="161"><counter type="INSTRUCTION" missed="3" covered="17"/><counter type="LINE" missed="2" covered="4"/><counter type="COMPLEXITY" missed="0" covered="1"/><counter type="METHOD" missed="0" covered="1"/></method><method name="lambda$applyWithoutException$0" desc="(Ljava/lang/Object;Ljava/lang/Object;Ljava/util/function/BiFunction;)Z" line="140"><counter type="INSTRUCTION" missed="0" covered="18"/><counter type="LINE" missed="0" covered="6"/><counter type="COMPLEXITY" missed="0" covered="1"/><counter type="METHOD" missed="0" covered="1"/></method><counter type="INSTRUCTION" missed="12" covered="159"/><counter type="BRANCH" missed="2" covered="4"/><counter type="LINE" missed="4" covered="30"/><counter type="COMPLEXITY" missed="2" covered="15"/><counter type="METHOD" missed="0" covered="14"/><counter type="CLASS" missed="0" covered="1"/></class><class name="com/luchersol/specialized_checkers/lambda/CheckerBiPredicate" sourcefilename="CheckerBiPredicate.java"><method name="&lt;init&gt;" desc="(Ljava/util/function/BiPredicate;Ljava/lang/String;)V" line="35"><counter type="INSTRUCTION" missed="0" covered="5"/><counter type="LINE" missed="0" covered="2"/><counter type="COMPLEXITY" missed="0" covered="1"/><counter type="METHOD" missed="0" covered="1"/></method><method name="check" desc="(Ljava/util/function/BiPredicate;Ljava/lang/String;)Lcom/luchersol/specialized_checkers/lambda/CheckerBiPredicate;" line="48"><counter type="INSTRUCTION" missed="0" covered="6"/><counter type="LINE" missed="0" covered="1"/><counter type="COMPLEXITY" missed="0" covered="1"/><counter type="METHOD" missed="0" covered="1"/></method><method name="check" desc="(Ljava/util/function/BiPredicate;)Lcom/luchersol/specialized_checkers/lambda/CheckerBiPredicate;" line="60"><counter type="INSTRUCTION" missed="0" covered="4"/><counter type="LINE" missed="0" covered="1"/><counter type="COMPLEXITY" missed="0" covered="1"/><counter type="METHOD" missed="0" covered="1"/></method><method name="self" desc="()Lcom/luchersol/specialized_checkers/lambda/CheckerBiPredicate;" line="70"><counter type="INSTRUCTION" missed="0" covered="2"/><counter type="LINE" missed="0" covered="1"/><counter type="COMPLEXITY" missed="0" covered="1"/><counter type="METHOD" missed="0" covered="1"/></method><method name="activateDeepClone" desc="()Lcom/luchersol/specialized_checkers/lambda/CheckerBiPredicate;" line="79"><counter type="INSTRUCTION" missed="0" covered="6"/><counter type="LINE" missed="0" covered="2"/><counter type="COMPLEXITY" missed="0" covered="1"/><counter type="METHOD" missed="0" covered="1"/></method><method name="deactivateDeepClone" desc="()Lcom/luchersol/specialized_checkers/lambda/CheckerBiPredicate;" line="89"><counter type="INSTRUCTION" missed="0" covered="6"/><counter type="LINE" missed="0" covered="2"/><counter type="COMPLEXITY" missed="0" covered="1"/><counter type="METHOD" missed="0" covered="1"/></method><method name="getInput1" desc="(Ljava/lang/Object;)Ljava/lang/Object;" line="100"><counter type="INSTRUCTION" missed="3" covered="5"/><counter type="BRANCH" missed="1" covered="1"/><counter type="LINE" missed="0" covered="1"/><counter type="COMPLEXITY" missed="1" covered="1"/><counter type="METHOD" missed="0" covered="1"/></method><method name="getInput2" desc="(Ljava/lang/Object;)Ljava/lang/Object;" line="110"><counter type="INSTRUCTION" missed="3" covered="5"/><counter type="BRANCH" missed="1" covered="1"/><counter type="LINE" missed="0" covered="1"/><counter type="COMPLEXITY" missed="1" covered="1"/><counter type="METHOD" missed="0" covered="1"/></method><method name="testWithoutException" desc="(Ljava/lang/Object;Ljava/lang/Object;)Lcom/luchersol/specialized_checkers/lambda/CheckerBiPredicate;" line="121"><counter type="INSTRUCTION" missed="0" covered="21"/><counter type="LINE" missed="0" covered="2"/><counter type="COMPLEXITY" missed="0" covered="1"/><counter type="METHOD" missed="0" covered="1"/></method><method name="evaluatesTrue" desc="(Ljava/lang/Object;Ljava/lang/Object;)Lcom/luchersol/specialized_checkers/lambda/CheckerBiPredicate;" line="141"><counter type="INSTRUCTION" missed="0" covered="21"/><counter type="LINE" missed="0" covered="2"/><counter type="COMPLEXITY" missed="0" covered="1"/><counter type="METHOD" missed="0" covered="1"/></method><method name="evaluatesFalse" desc="(Ljava/lang/Object;Ljava/lang/Object;)Lcom/luchersol/specialized_checkers/lambda/CheckerBiPredicate;" line="158"><counter type="INSTRUCTION" missed="0" covered="21"/><counter type="LINE" missed="0" covered="2"/><counter type="COMPLEXITY" missed="0" covered="1"/><counter type="METHOD" missed="0" covered="1"/></method><method name="producesExpected" desc="(Ljava/lang/Object;Ljava/lang/Object;Z)Lcom/luchersol/specialized_checkers/lambda/CheckerBiPredicate;" line="176"><counter type="INSTRUCTION" missed="0" covered="27"/><counter type="LINE" missed="0" covered="2"/><counter type="COMPLEXITY" missed="0" covered="1"/><counter type="METHOD" missed="0" covered="1"/></method><method name="lambda$producesExpected$3" desc="(Ljava/lang/Object;Ljava/lang/Object;ZLjava/util/function/BiPredicate;)Z" line="178"><counter type="INSTRUCTION" missed="4" covered="15"/><counter type="BRANCH" missed="1" covered="1"/><counter type="LINE" missed="2" covered="2"/><counter type="COMPLEXITY" missed="1" covered="1"/><counter type="METHOD" missed="0" covered="1"/></method><method name="lambda$evaluatesFalse$2" desc="(Ljava/lang/Object;Ljava/lang/Object;Ljava/util/function/BiPredicate;)Z" line="160"><counter type="INSTRUCTION" missed="3" covered="13"/><counter type="BRANCH" missed="0" covered="2"/><counter type="LINE" missed="2" covered="1"/><counter type="COMPLEXITY" missed="0" covered="2"/><counter type="METHOD" missed="0" covered="1"/></method><method name="lambda$evaluatesTrue$1" desc="(Ljava/lang/Object;Ljava/lang/Object;Ljava/util/function/BiPredicate;)Z" line="143"><counter type="INSTRUCTION" missed="3" covered="9"/><counter type="LINE" missed="2" covered="1"/><counter type="COMPLEXITY" missed="0" covered="1"/><counter type="METHOD" missed="0" covered="1"/></method><method name="lambda$testWithoutException$0" desc="(Ljava/lang/Object;Ljava/lang/Object;Ljava/util/function/BiPredicate;)Z" line="123"><counter type="INSTRUCTION" missed="0" covered="18"/><counter type="LINE" missed="0" covered="6"/><counter type="COMPLEXITY" missed="0" covered="1"/><counter type="METHOD" missed="0" covered="1"/></method><counter type="INSTRUCTION" missed="16" covered="184"/><counter type="BRANCH" missed="3" covered="5"/><counter type="LINE" missed="6" covered="29"/><counter type="COMPLEXITY" missed="3" covered="17"/><counter type="METHOD" missed="0" covered="16"/><counter type="CLASS" missed="0" covered="1"/></class><class name="com/luchersol/specialized_checkers/lambda/CheckerBiConsumer" sourcefilename="CheckerBiConsumer.java"><method name="&lt;init&gt;" desc="(Ljava/util/function/BiConsumer;Ljava/lang/String;)V" line="52"><counter type="INSTRUCTION" missed="0" covered="5"/><counter type="LINE" missed="0" covered="2"/><counter type="COMPLEXITY" missed="0" covered="1"/><counter type="METHOD" missed="0" covered="1"/></method><method name="check" desc="(Ljava/util/function/BiConsumer;Ljava/lang/String;)Lcom/luchersol/specialized_checkers/lambda/CheckerBiConsumer;" line="65"><counter type="INSTRUCTION" missed="0" covered="6"/><counter type="LINE" missed="0" covered="1"/><counter type="COMPLEXITY" missed="0" covered="1"/><counter type="METHOD" missed="0" covered="1"/></method><method name="check" desc="(Ljava/util/function/BiConsumer;)Lcom/luchersol/specialized_checkers/lambda/CheckerBiConsumer;" line="77"><counter type="INSTRUCTION" missed="0" covered="4"/><counter type="LINE" missed="0" covered="1"/><counter type="COMPLEXITY" missed="0" covered="1"/><counter type="METHOD" missed="0" covered="1"/></method><method name="self" desc="()Lcom/luchersol/specialized_checkers/lambda/CheckerBiConsumer;" line="87"><counter type="INSTRUCTION" missed="0" covered="2"/><counter type="LINE" missed="0" covered="1"/><counter type="COMPLEXITY" missed="0" covered="1"/><counter type="METHOD" missed="0" covered="1"/></method><method name="activateDeepClone" desc="()Lcom/luchersol/specialized_checkers/lambda/CheckerBiConsumer;" line="97"><counter type="INSTRUCTION" missed="0" covered="6"/><counter type="LINE" missed="0" cover
[...]
ed="1"/></method><method name="isLessThan" desc="(Ljava/lang/Byte;)Lcom/luchersol/specialized_checkers/math/numbers/decimalTypes/CheckerFloat;" line="316"><counter type="INSTRUCTION" missed="19" covered="0"/><counter type="LINE" missed="1" covered="0"/><counter type="COMPLEXITY" missed="1" covered="0"/><counter type="METHOD" missed="1" covered="0"/></method><method name="isLessThan" desc="(Ljava/lang/Short;)Lcom/luchersol/specialized_checkers/math/numbers/decimalTypes/CheckerFloat;" line="328"><counter type="INSTRUCTION" missed="19" covered="0"/><counter type="LINE" missed="1" covered="0"/><counter type="COMPLEXITY" missed="1" covered="0"/><counter type="METHOD" missed="1" covered="0"/></method><method name="isLessThan" desc="(Ljava/lang/Integer;)Lcom/luchersol/specialized_checkers/math/numbers/decimalTypes/CheckerFloat;" line="340"><counter type="INSTRUCTION" missed="0" covered="19"/><counter type="LINE" missed="0" covered="1"/><counter type="COMPLEXITY" missed="0" covered="1"/><counter type="METHOD" missed="0" covered="1"/></method><method name="isLessThan" desc="(Ljava/lang/Long;)Lcom/luchersol/specialized_checkers/math/numbers/decimalTypes/CheckerFloat;" line="352"><counter type="INSTRUCTION" missed="19" covered="0"/><counter type="LINE" missed="1" covered="0"/><counter type="COMPLEXITY" missed="1" covered="0"/><counter type="METHOD" missed="1" covered="0"/></method><method name="isLessThan" desc="(Ljava/lang/Float;)Lcom/luchersol/specialized_checkers/math/numbers/decimalTypes/CheckerFloat;" line="364"><counter type="INSTRUCTION" missed="19" covered="0"/><counter type="LINE" missed="1" covered="0"/><counter type="COMPLEXITY" missed="1" covered="0"/><counter type="METHOD" missed="1" covered="0"/></method><method name="isLessThan" desc="(Ljava/lang/Double;)Lcom/luchersol/specialized_checkers/math/numbers/decimalTypes/CheckerFloat;" line="376"><counter type="INSTRUCTION" missed="0" covered="19"/><counter type="LINE" missed="0" covered="1"/><counter type="COMPLEXITY" missed="0" covered="1"/><counter type="METHOD" missed="0" covered="1"/></method><method name="isLessOrEqualTo" desc="(Ljava/lang/Byte;)Lcom/luchersol/specialized_checkers/math/numbers/decimalTypes/CheckerFloat;" line="388"><counter type="INSTRUCTION" missed="19" covered="0"/><counter type="LINE" missed="1" covered="0"/><counter type="COMPLEXITY" missed="1" covered="0"/><counter type="METHOD" missed="1" covered="0"/></method><method name="isLessOrEqualTo" desc="(Ljava/lang/Short;)Lcom/luchersol/specialized_checkers/math/numbers/decimalTypes/CheckerFloat;" line="400"><counter type="INSTRUCTION" missed="19" covered="0"/><counter type="LINE" missed="1" covered="0"/><counter type="COMPLEXITY" missed="1" covered="0"/><counter type="METHOD" missed="1" covered="0"/></method><method name="isLessOrEqualTo" desc="(Ljava/lang/Integer;)Lcom/luchersol/specialized_checkers/math/numbers/decimalTypes/CheckerFloat;" line="412"><counter type="INSTRUCTION" missed="0" covered="19"/><counter type="LINE" missed="0" covered="1"/><counter type="COMPLEXITY" missed="0" covered="1"/><counter type="METHOD" missed="0" covered="1"/></method><method name="isLessOrEqualTo" desc="(Ljava/lang/Long;)Lcom/luchersol/specialized_checkers/math/numbers/decimalTypes/CheckerFloat;" line="424"><counter type="INSTRUCTION" missed="19" covered="0"/><counter type="LINE" missed="1" covered="0"/><counter type="COMPLEXITY" missed="1" covered="0"/><counter type="METHOD" missed="1" covered="0"/></method><method name="isLessOrEqualTo" desc="(Ljava/lang/Float;)Lcom/luchersol/specialized_checkers/math/numbers/decimalTypes/CheckerFloat;" line="435"><counter type="INSTRUCTION" missed="19" covered="0"/><counter type="LINE" missed="1" covered="0"/><counter type="COMPLEXITY" missed="1" covered="0"/><counter type="METHOD" missed="1" covered="0"/></method><method name="isLessOrEqualTo" desc="(Ljava/lang/Double;)Lcom/luchersol/specialized_checkers/math/numbers/decimalTypes/CheckerFloat;" line="446"><counter type="INSTRUCTION" missed="0" covered="19"/><counter type="LINE" missed="0" covered="1"/><counter type="COMPLEXITY" missed="0" covered="1"/><counter type="METHOD" missed="0" covered="1"/></method><method name="lambda$isLessOrEqualTo$30" desc="(Ljava/lang/Double;Ljava/lang/Float;)Z" line="446"><counter type="INSTRUCTION" missed="1" covered="10"/><counter type="BRANCH" missed="1" covered="1"/><counter type="LINE" missed="0" covered="1"/><counter type="COMPLEXITY" missed="1" covered="1"/><counter type="METHOD" missed="0" covered="1"/></method><method name="lambda$isLessOrEqualTo$29" desc="(Ljava/lang/Float;Ljava/lang/Float;)Z" line="435"><counter type="INSTRUCTION" missed="10" covered="0"/><counter type="BRANCH" missed="2" covered="0"/><counter type="LINE" missed="1" covered="0"/><counter type="COMPLEXITY" missed="2" covered="0"/><counter type="METHOD" missed="1" covered="0"/></method><method name="lambda$isLessOrEqualTo$28" desc="(Ljava/lang/Long;Ljava/lang/Float;)Z" line="424"><counter type="INSTRUCTION" missed="11" covered="0"/><counter type="BRANCH" missed="2" covered="0"/><counter type="LINE" missed="1" covered="0"/><counter type="COMPLEXITY" missed="2" covered="0"/><counter type="METHOD" missed="1" covered="0"/></method><method name="lambda$isLessOrEqualTo$27" desc="(Ljava/lang/Integer;Ljava/lang/Float;)Z" line="412"><counter type="INSTRUCTION" missed="0" covered="11"/><counter type="BRANCH" missed="0" covered="2"/><counter type="LINE" missed="0" covered="1"/><counter type="COMPLEXITY" missed="0" covered="2"/><counter type="METHOD" missed="0" covered="1"/></method><method name="lambda$isLessOrEqualTo$26" desc="(Ljava/lang/Short;Ljava/lang/Float;)Z" line="400"><counter type="INSTRUCTION" missed="11" covered="0"/><counter type="BRANCH" missed="2" covered="0"/><counter type="LINE" missed="1" covered="0"/><counter type="COMPLEXITY" missed="2" covered="0"/><counter type="METHOD" missed="1" covered="0"/></method><method name="lambda$isLessOrEqualTo$25" desc="(Ljava/lang/Byte;Ljava/lang/Float;)Z" line="388"><counter type="INSTRUCTION" missed="11" covered="0"/><counter type="BRANCH" missed="2" covered="0"/><counter type="LINE" missed="1" covered="0"/><counter type="COMPLEXITY" missed="2" covered="0"/><counter type="METHOD" missed="1" covered="0"/></method><method name="lambda$isLessThan$24" desc="(Ljava/lang/Double;Ljava/lang/Float;)Z" line="376"><counter type="INSTRUCTION" missed="1" covered="10"/><counter type="BRANCH" missed="1" covered="1"/><counter type="LINE" missed="0" covered="1"/><counter type="COMPLEXITY" missed="1" covered="1"/><counter type="METHOD" missed="0" covered="1"/></method><method name="lambda$isLessThan$23" desc="(Ljava/lang/Float;Ljava/lang/Float;)Z" line="364"><counter type="INSTRUCTION" missed="10" covered="0"/><counter type="BRANCH" missed="2" covered="0"/><counter type="LINE" missed="1" covered="0"/><counter type="COMPLEXITY" missed="2" covered="0"/><counter type="METHOD" missed="1" covered="0"/></method><method name="lambda$isLessThan$22" desc="(Ljava/lang/Long;Ljava/lang/Float;)Z" line="352"><counter type="INSTRUCTION" missed="11" covered="0"/><counter type="BRANCH" missed="2" covered="0"/><counter type="LINE" missed="1" covered="0"/><counter type="COMPLEXITY" missed="2" covered="0"/><counter type="METHOD" missed="1" covered="0"/></method><method name="lambda$isLessThan$21" desc="(Ljava/lang/Integer;Ljava/lang/Float;)Z" line="340"><counter type="INSTRUCTION" missed="0" covered="11"/><counter type="BRANCH" missed="0" covered="2"/><counter type="LINE" missed="0" covered="1"/><counter type="COMPLEXITY" missed="0" covered="2"/><counter type="METHOD" missed="0" covered="1"/></method><method name="lambda$isLessThan$20" desc="(Ljava/lang/Short;Ljava/lang/Float;)Z" line="328"><counter type="INSTRUCTION" missed="11" covered="0"/><counter type="BRANCH" missed="2" covered="0"/><counter type="LINE" missed="1" covered="0"/><counter type="COMPLEXITY" missed="2" covered="0"/><counter type="METHOD" missed="1" covered="0"/></method><method name="lambda$isLessThan$19" desc="(Ljava/lang/Byte;Ljava/lang/Float;)Z" line="316"><counter type="INSTRUCTION" missed="11" covered="0"/><counter type="BRANCH" missed="2" covered="0"/><counter type="LINE" missed="1" covered="0"/><counter type="COMPLEXITY" missed="2" covered="0"/><counter type="METHOD" missed="1" covered="0"/></method><method name="lambda$isGreaterOrEqualTo$18" desc="(Ljava/lang/Double;Ljava/lang/Float;)Z" line="304"><counter type="INSTRUCTION" missed="1" covered="10"/><counter type="BRANCH" missed="1" covered="1"/><counter type="LINE" missed="0" covered="1"/><counter type="COMPLEXITY" missed="1" covered="1"/><counter type="METHOD" missed="0" covered="1"/></method><method name="lambda$isGreaterOrEqualTo$17" desc="(Ljava/lang/Float;Ljava/lang/Float;)Z" line="292"><counter type="INSTRUCTION" missed="10" covered="0"/><counter type="BRANCH" missed="2" covered="0"/><counter type="LINE" missed="1" covered="0"/><counter type="COMPLEXITY" missed="2" covered="0"/><counter type="METHOD" missed="1" covered="0"/></method><method name="lambda$isGreaterOrEqualTo$16" desc="(Ljava/lang/Long;Ljava/lang/Float;)Z" line="280"><counter type="INSTRUCTION" missed="11" covered="0"/><counter type="BRANCH" missed="2" covered="0"/><counter type="LINE" missed="1" covered="0"/><counter type="COMPLEXITY" missed="2" covered="0"/><counter type="METHOD" missed="1" covered="0"/></method><method name="lambda$isGreaterOrEqualTo$15" desc="(Ljava/lang/Integer;Ljava/lang/Float;)Z" line="268"><counter type="INSTRUCTION" missed="0" covered="11"/><counter type="BRANCH" missed="0" covered="2"/><counter type="LINE" missed="0" covered="1"/><counter type="COMPLEXITY" missed="0" covered="2"/><counter type="METHOD" missed="0" covered="1"/></method><method name="lambda$isGreaterOrEqualTo$14" desc="(Ljava/lang/Short;Ljava/lang/Float;)Z" line="256"><counter type="INSTRUCTION" missed="11" covered="0"/><counter type="BRANCH" missed="2" covered="0"/><counter type="LINE" missed="1" covered="0"/><counter type="COMPLEXITY" missed="2" covered="0"/><counter type="METHOD" missed="1" covered="0"/></method><method name="lambda$isGreaterOrEqualTo$13" desc="(Ljava/lang/Byte;Ljava/lang/Float;)Z" line="244"><counter type="INSTRUCTION" missed="11" covered="0"/><counter type="BRANCH" missed="2" covered="0"/><counter type="LINE" missed="1" covered="0"/><counter type="COMPLEXITY" missed="2" covered="0"/><counter type="METHOD" missed="1" covered="0"/></method><method name="lambda$isGreaterThan$12" desc="(Ljava/lang/Double;Ljava/lang/Float;)Z" line="232"><counter type="INSTRUCTION" missed="1" covered="10"/><counter type="BRANCH" missed="1" covered="1"/><counter type="LINE" missed="0" covered="1"/><counter type="COMPLEXITY" missed="1" covered="1"/><counter type="METHOD" missed="0" covered="1"/></method><method name="lambda$isGreaterThan$11" desc="(Ljava/lang/Float;Ljava/lang/Float;)Z" line="220"><counter type="INSTRUCTION" missed="10" covered="0"/><counter type="BRANCH" missed="2" covered="0"/><counter type="LINE" missed="1" covered="0"/><counter type="COMPLEXITY" missed="2" covered="0"/><counter type="METHOD" missed="1" covered="0"/></method><method name="lambda$isGreaterThan$10" desc="(Ljava/lang/Long;Ljava/lang/Float;)Z" line="208"><counter type="INSTRUCTION" missed="11" covered="0"/><counter type="BRANCH" missed="2" covered="0"/><counter type="LINE" missed="1" covered="0"/><counter type="COMPLEXITY" missed="2" covered="0"/><counter type="METHOD" missed="1" covered="0"/></method><method name="lambda$isGreaterThan$9" desc="(Ljava/lang/Integer;Ljava/lang/Float;)Z" line="196"><counter type="INSTRUCTION" missed="0" covered="11"/><counter type="BRANCH" missed="0" covered="2"/><counter type="LINE" missed="0" covered="1"/><counter type="COMPLEXITY" missed="0" covered="2"/><counter type="METHOD" missed="0" covered="1"/></method><method name="lambda$isGreaterThan$8" desc="(Ljava/lang/Short;Ljava/lang/Float;)Z" line="184"><counter type="INSTRUCTION" missed="11" covered="0"/><counter type="BRANCH" missed="2" covered="0"/><counter type="LINE" missed="1" covered="0"/><counter type="COMPLEXITY" missed="2" covered="0"/><counter type="METHOD" missed="1" covered="0"/></method><method name="lambda$isGreaterThan$7" desc="(Ljava/lang/Byte;Ljava/lang/Float;)Z" line="172"><counter type="INSTRUCTION" missed="11" covered="0"/><counter type="BRANCH" missed="2" covered="0"/><counter type="LINE" missed="1" covered="0"/><counter type="COMPLEXITY" missed="2" covered="0"/><counter type="METHOD" missed="1" covered="0"/></method><method name="lambda$isZero$6" desc="(Ljava/lang/Float;)Z" line="160"><counter type="INSTRUCTION" missed="1" covered="8"/><counter type="BRANCH" missed="1" covered="1"/><counter type="LINE" missed="0" covered="1"/><counter type="COMPLEXITY" missed="1" covered="1"/><counter type="METHOD" missed="0" covered="1"/></method><method name="lambda$isNegativeOrZero$5" desc="(Ljava/lang/Float;)Z" line="150"><counter type="INSTRUCTION" missed="1" covered="8"/><counter type="BRANCH" missed="1" covered="1"/><counter type="LINE" missed="0" covered="1"/><counter type="COMPLEXITY" missed="1" covered="1"/><counter type="METHOD" missed="0" covered="1"/></method><method name="lambda$isNegative$4" desc="(Ljava/lang/Float;)Z" line="140"><counter type="INSTRUCTION" missed="1" covered="8"/><counter type="BRANCH" missed="1" covered="1"/><counter type="LINE" missed="0" covered="1"/><counter type="COMPLEXITY" missed="1" covered="1"/><counter type="METHOD" missed="0" covered="1"/></method><method name="lambda$isPositiveOrZero$3" desc="(Ljava/lang/Float;)Z" line="130"><counter type="INSTRUCTION" missed="1" covered="8"/><counter type="BRANCH" missed="1" covered="1"/><counter type="LINE" missed="0" covered="1"/><counter type="COMPLEXITY" missed="1" covered="1"/><counter type="METHOD" missed="0" covered="1"/></method><method name="lambda$isPositive$2" desc="(Ljava/lang/Float;)Z" line="120"><counter type="INSTRUCTION" missed="1" covered="8"/><counter type="BRANCH" missed="1" covered="1"/><counter type="LINE" missed="0" covered="1"/><counter type="COMPLEXITY" missed="1" covered="1"/><counter type="METHOD" missed="0" covered="1"/></method><method name="lambda$isInfinite$1" desc="(Ljava/lang/Float;)Z" line="110"><counter type="INSTRUCTION" missed="0" covered="3"/><counter type="LINE" missed="0" covered="1"/><counter type="COMPLEXITY" missed="0" covered="1"/><counter type="METHOD" missed="0" covered="1"/></method><method name="lambda$isNaN$0" desc="(Ljava/lang/Float;)Z" line="101"><counter type="INSTRUCTION" missed="0" covered="3"/><counter type="LINE" missed="0" covered="1"/><counter type="COMPLEXITY" missed="0" covered="1"/><counter type="METHOD" missed="0" covered="1"/></method><counter type="INSTRUCTION" missed="494" covered="401"/><counter type="BRANCH" missed="41" covered="17"/><counter type="LINE" missed="18" covered="20"/><counter type="COMPLEXITY" missed="59" covered="38"/><counter type="METHOD" missed="34" covered="34"/><counter type="CLASS" missed="0" covered="1"/></class><sourcefile name="CheckerFloat.java"><line nr="40" mi="0" ci="4" mb="0" cb="0"/><line nr="41" mi="0" ci="1" mb="0" cb="0"/><line nr="51" mi="0" ci="6" mb="0" cb="0"/><line nr="62" mi="0" ci="8" mb="0" cb="0"/><line nr="72" mi="4" ci="0" mb="0" cb="0"/><line nr="82" mi="5" ci="0" mb="0" cb="0"/><line nr="92" mi="0" ci="2" mb="0" cb="0"/><line nr="101" mi="0" ci="17" mb="0" cb="0"/><line nr="110" mi="0" ci="17" mb="0" cb="0"/><line nr="120" mi="1" ci="22" mb="1" cb="1"/><line nr="130" mi="1" ci="22" mb="1" cb="1"/><line nr="140" mi="1" ci="22" mb="1" cb="1"/><line nr="150" mi="1" ci="22" mb="1" cb="1"/><line nr="160" mi="1" ci="22" mb="1" cb="1"/><line nr="172" mi="30" ci="0" mb="2" cb="0"/><line nr="184" mi="30" ci="0" mb="2" cb="0"/><line nr="196" mi="0" ci="30" mb="0" cb="2"/><line nr="208" mi="30" ci="0" mb="2" cb="0"/><line nr="220" mi="29" ci="0" mb="2" cb="0"/><line nr="232" mi="1" ci="29" mb="1" cb="1"/><line nr="244" mi="30" ci="0" mb="2" cb="0"/><line nr="256" mi="30" ci="0" mb="2" cb="0"/><line nr="268" mi="0" ci="30" mb="0" cb="2"/><line nr="280" mi="30" ci="0" mb="2" cb="0"/><line nr="292" mi="29" ci="0" mb="2" cb="0"/><line nr="304" mi="1" ci="29" mb="1" cb="1"/><line nr="316" mi="30" ci="0" mb="2" cb="0"/><line nr="328" mi="30" ci="0" mb="2" cb="0"/><line nr="340" mi="0" ci="30" mb="0" cb="2"/><line nr="352" mi="30" ci="0" mb="2" cb="0"/><line nr="364" mi="29" ci="0" mb="2" cb="0"/><line nr="376" mi="1" ci="29" mb="1" cb="1"/><line nr="388" mi="30" ci="0" mb="2" cb="0"/><line nr="400" mi="30" ci="0" mb="2" cb="0"/><line nr="412" mi="0" ci="30" mb="0" cb="2"/><line nr="424" mi="30" ci="0" mb="2" cb="0"/><line nr="435" mi="29" ci="0" mb="2" cb="0"/><line nr="446" mi="1" ci="29" mb="1" cb="1"/><counter type="INSTRUCTION" missed="494" covered="401"/><counter type="BRANCH" missed="41" covered="17"/><counter type="LINE" missed="18" covered="20"/><counter type="COMPLEXITY" missed="59" covered="38"/><counter type="METHOD" missed="34" covered="34"/><counter type="CLASS" missed="0" covered="1"/></sourcefile><sourcefile name="CheckerDouble.java"><line nr="40" mi="0" ci="4" mb="0" cb="0"/><line nr="41" mi="0" ci="1" mb="0" cb="0"/><line nr="51" mi="6" ci="0" mb="0" cb="0"/><line nr="62" mi="6" ci="0" mb="0" cb="0"/><line nr="73" mi="4" ci="0" mb="0" cb="0"/><line nr="83" mi="5" ci="0" mb="0" cb="0"/><line nr="93" mi="0" ci="2" mb="0" cb="0"/><line nr="102" mi="0" ci="17" mb="0" cb="0"/><line nr="111" mi="0" ci="17" mb="0" cb="0"/><line nr="121" mi="1" ci="22" mb="1" cb="1"/><line nr="131" mi="1" ci="22" mb="1" cb="1"/><line nr="141" mi="1" ci="22" mb="1" cb="1"/><line nr="151" mi="1" ci="22" mb="1" cb="1"/><line nr="161" mi="1" ci="22" mb="1" cb="1"/><line nr="172" mi="30" ci="0" mb="2" cb="0"/><line nr="183" mi="30" ci="0" mb="2" cb="0"/><line nr="194" mi="0" ci="30" mb="0" cb="2"/><line nr="205" mi="30" ci="0" mb="2" cb="0"/><line nr="216" mi="30" ci="0" mb="2" cb="0"/><line nr="227" mi="1" ci="28" mb="1" cb="1"/><line nr="238" mi="30" ci="0" mb="2" cb="0"/><line nr="249" mi="30" ci="0" mb="2" cb="0"/><line nr="260" mi="0" ci="30" mb="0" cb="2"/><line nr="271" mi="30" ci="0" mb="2" cb="0"/><line nr="282" mi="30" ci="0" mb="2" cb="0"/><line nr="293" mi="1" ci="28" mb="1" cb="1"/><line nr="304" mi="30" ci="0" mb="2" cb="0"/><line nr="315" mi="30" ci="0" mb="2" cb="0"/><line nr="326" mi="0" ci="30" mb="0" cb="2"/><line nr="337" mi="30" ci="0" mb="2" cb="0"/><line nr="348" mi="30" ci="0" mb="2" cb="0"/><line nr="359" mi="1" ci="28" mb="1" cb="1"/><line nr="370" mi="30" ci="0" mb="2" cb="0"/><line nr="381" mi="30" ci="0" mb="2" cb="0"/><line nr="392" mi="0" ci="30" mb="0" cb="2"/><line nr="403" mi="30" ci="0" mb="2" cb="0"/><line nr="414" mi="30" ci="0" mb="2" cb="0"/><line nr="425" mi="1" ci="28" mb="1" cb="1"/><counter type="INSTRUCTION" missed="510" covered="383"/><counter type="BRANCH" missed="41" covered="17"/><counter type="LINE" missed="20" covered="18"/><counter type="COMPLEXITY" missed="61" covered="36"/><counter type="METHOD" missed="36" covered="32"/><counter type="CLASS" missed="0" covered="1"/></sourcefile><counter type="INSTRUCTION" missed="1004" covered="784"/><counter type="BRANCH" missed="82" covered="34"/><counter type="LINE" missed="38" covered="38"/><counter type="COMPLEXITY" missed="120" covered="74"/><counter type="METHOD" missed="70" covered="66"/><counter type="CLASS" missed="0" covered="2"/></package><package name="com/luchersol/specialized_checkers/math/numbers"><class name="com/luchersol/specialized_checkers/math/numbers/InterfaceCheckerNumber" sourcefilename="InterfaceCheckerNumber.java"/><sourcefile name="InterfaceCheckerNumber.java"/></package><counter type="INSTRUCTION" missed="4261" covered="8710"/><counter type="BRANCH" missed="359" covered="453"/><counter type="LINE" missed="296" covered="893"/><counter type="COMPLEXITY" missed="553" covered="958"/><counter type="METHOD" missed="310" covered="795"/><counter type="CLASS" missed="1" covered="34"/></report>